This is pdfTeX, Version 3.14159265-2.6-1.40.20 (TeX Live 2019/Debian) (preloaded format=latex 2021.3.8)  19 SEP 2021 12:37
entering extended mode
 restricted \write18 enabled.
 %&-line parsing enabled.
**\makeatletter\def\HCode{\futurelet\HCode\HChar}\def\HChar{\ifx"\HCode\def\HCo
de"##1"{\Link##1}\expandafter\HCode\else\expandafter\Link\fi}\def\Link#1.a.b.c.
{\g@addto@macro\@documentclasshook{\RequirePackage[#1,html]{tex4ht}}\let\HCode\
documentstyle\def\documentstyle{\let\documentstyle\HCode\expandafter\def\csname
 tex4ht\endcsname{#1,html}\def\HCode####1{\documentstyle[tex4ht,}\@ifnextchar[{
\HCode}{\documentstyle[tex4ht]}}}\makeatother\HCode .a.b.c.\input  cath_v15.tex

 (./cath_v15.tex
(/usr/share/texlive/texmf-dist/tex/latex/base/article.cls
Document Class: article 2019/12/20 v1.4l Standard LaTeX document class
(/usr/share/texlive/texmf-dist/tex/latex/base/size10.clo
File: size10.clo 2019/12/20 v1.4l Standard LaTeX file (size option)
)
\c@part=\count167
\c@section=\count168
\c@subsection=\count169
\c@subsubsection=\count170
\c@paragraph=\count171
\c@subparagraph=\count172
\c@figure=\count173
\c@table=\count174
\abovecaptionskip=\skip47
\belowcaptionskip=\skip48
\bibindent=\dimen134
)
(/usr/share/texlive/texmf-dist/tex/generic/tex4ht/tex4ht.sty
version 2019-03-18-15:24
Package: tex4ht 
--------------------------------------
--- Note --- for _ at preamble, use the command line option `early_'
--------------------------------------
--------------------------------------
--- Note --- for ^ at preamble, use the command line option `early^'
--------------------------------------
\tmp:toks=\toks14
)
(/usr/share/texlive/texmf-dist/tex/generic/tex4ht/usepackage.4ht
version 2019-12-19-14:27
)
(/usr/share/texlive/texmf-dist/tex/latex/graphics/graphicx.sty
Package: graphicx 2019/11/30 v1.2a Enhanced LaTeX Graphics (DPC,SPQR)

(/usr/share/texlive/texmf-dist/tex/latex/graphics/keyval.sty
Package: keyval 2014/10/28 v1.15 key=value parser (DPC)
\KV@toks@=\toks15
)
(/usr/share/texlive/texmf-dist/tex/generic/tex4ht/usepackage.4ht
version 2019-12-19-14:27
)
(/usr/share/texlive/texmf-dist/tex/latex/graphics/graphics.sty
Package: graphics 2019/11/30 v1.4a Standard LaTeX Graphics (DPC,SPQR)

(/usr/share/texlive/texmf-dist/tex/latex/graphics/trig.sty
Package: trig 2016/01/03 v1.10 sin cos tan (DPC)
)
(/usr/share/texlive/texmf-dist/tex/latex/graphics-cfg/graphics.cfg
File: graphics.cfg 2016/06/04 v1.11 sample graphics configuration
)
Package graphics Info: Driver file: dvips.def on input line 105.

(/usr/share/texlive/texmf-dist/tex/latex/graphics-def/dvips.def
File: dvips.def 2017/06/20 v3.1d Graphics/color driver for dvips
))
\Gin@req@height=\dimen135
\Gin@req@width=\dimen136
)
(/usr/share/texlive/texmf-dist/tex/latex/natbib/natbib.sty
Package: natbib 2010/09/13 8.31b (PWD, AO)
\bibhang=\skip49
\bibsep=\skip50
LaTeX Info: Redefining \cite on input line 694.
\c@NAT@ctr=\count175
)
(/usr/share/texlive/texmf-dist/tex/latex/amsmath/amsmath.sty
Package: amsmath 2020/01/20 v2.17e AMS math features
\@mathmargin=\skip51

For additional information on amsmath, use the `?' option.
(/usr/share/texlive/texmf-dist/tex/latex/amsmath/amstext.sty
Package: amstext 2000/06/29 v2.01 AMS text

(/usr/share/texlive/texmf-dist/tex/latex/amsmath/amsgen.sty
File: amsgen.sty 1999/11/30 v2.0 generic functions
\@emptytoks=\toks16
\ex@=\dimen137
))
(/usr/share/texlive/texmf-dist/tex/latex/amsmath/amsbsy.sty
Package: amsbsy 1999/11/29 v1.2d Bold Symbols
\pmbraise@=\dimen138
)
(/usr/share/texlive/texmf-dist/tex/latex/amsmath/amsopn.sty
Package: amsopn 2016/03/08 v2.02 operator names
)
\inf@bad=\count176
LaTeX Info: Redefining \frac on input line 227.
\uproot@=\count177
\leftroot@=\count178
LaTeX Info: Redefining \overline on input line 389.
\classnum@=\count179
\DOTSCASE@=\count180
LaTeX Info: Redefining \ldots on input line 486.
LaTeX Info: Redefining \dots on input line 489.
LaTeX Info: Redefining \cdots on input line 610.
\Mathstrutbox@=\box45
\strutbox@=\box46
\big@size=\dimen139
LaTeX Font Info:    Redeclaring font encoding OML on input line 733.
LaTeX Font Info:    Redeclaring font encoding OMS on input line 734.
\macc@depth=\count181
\c@MaxMatrixCols=\count182
\dotsspace@=\muskip16
\c@parentequation=\count183
\dspbrk@lvl=\count184
\tag@help=\toks17
\row@=\count185
\column@=\count186
\maxfields@=\count187
\andhelp@=\toks18
\eqnshift@=\dimen140
\alignsep@=\dimen141
\tagshift@=\dimen142
\tagwidth@=\dimen143
\totwidth@=\dimen144
\lineht@=\dimen145
\@envbody=\toks19
\multlinegap=\skip52
\multlinetaggap=\skip53
\mathdisplay@stack=\toks20
LaTeX Info: Redefining \[ on input line 2859.
LaTeX Info: Redefining \] on input line 2860.
)
(/usr/share/texlive/texmf-dist/tex/latex/lineno/lineno.sty
Package: lineno 2005/11/02 line numbers on paragraphs v4.41
\linenopenalty=\count188
\output=\toks21
\linenoprevgraf=\count189
\linenumbersep=\dimen146
\linenumberwidth=\dimen147
\c@linenumber=\count190
\c@pagewiselinenumber=\count191
\c@LN@truepage=\count192
\c@internallinenumber=\count193
\c@internallinenumbers=\count194
\quotelinenumbersep=\dimen148
\bframerule=\dimen149
\bframesep=\dimen150
\bframebox=\box47
LaTeX Info: Redefining \\ on input line 3056.
)
(/usr/share/texlive/texmf-dist/tex/latex/preprint/fullpage.sty
Package: fullpage 1999/02/23 1.1 (PWD)
\FP@margin=\skip54
)
(/usr/share/texlive/texmf-dist/tex/latex/hyperref/hyperref.sty
Package: hyperref 2020/01/14 v7.00d Hypertext links for LaTeX

(/usr/share/texlive/texmf-dist/tex/generic/ltxcmds/ltxcmds.sty
Package: ltxcmds 2019/12/15 v1.24 LaTeX kernel commands for general use (HO)
)
(/usr/share/texlive/texmf-dist/tex/generic/iftex/iftex.sty
Package: iftex 2019/11/07 v1.0c TeX engine tests
)
(/usr/share/texlive/texmf-dist/tex/latex/pdftexcmds/pdftexcmds.sty
Package: pdftexcmds 2019/11/24 v0.31 Utility functions of pdfTeX for LuaTeX (HO
)

(/usr/share/texlive/texmf-dist/tex/generic/infwarerr/infwarerr.sty
Package: infwarerr 2019/12/03 v1.5 Providing info/warning/error messages (HO)
)
Package pdftexcmds Info: \pdf@primitive is available.
Package pdftexcmds Info: \pdf@ifprimitive is available.
Package pdftexcmds Info: \pdfdraftmode is ignored in DVI mode.
)
(/usr/share/texlive/texmf-dist/tex/generic/kvsetkeys/kvsetkeys.sty
Package: kvsetkeys 2019/12/15 v1.18 Key value parser (HO)
)
(/usr/share/texlive/texmf-dist/tex/generic/kvdefinekeys/kvdefinekeys.sty
Package: kvdefinekeys 2019-12-19 v1.6 Define keys (HO)
)
(/usr/share/texlive/texmf-dist/tex/generic/pdfescape/pdfescape.sty
Package: pdfescape 2019/12/09 v1.15 Implements pdfTeX's escape features (HO)
)
(/usr/share/texlive/texmf-dist/tex/latex/hycolor/hycolor.sty
Package: hycolor 2020-01-27 v1.10 Color options for hyperref/bookmark (HO)
)
(/usr/share/texlive/texmf-dist/tex/latex/letltxmacro/letltxmacro.sty
Package: letltxmacro 2019/12/03 v1.6 Let assignment for LaTeX macros (HO)
)
(/usr/share/texlive/texmf-dist/tex/latex/auxhook/auxhook.sty
Package: auxhook 2019-12-17 v1.6 Hooks for auxiliary files (HO)


Package auxhook Warning: Cannot patch \document,
(auxhook)                using \AtBeginDocument instead.

) (/usr/share/texlive/texmf-dist/tex/latex/kvoptions/kvoptions.sty
Package: kvoptions 2019/11/29 v3.13 Key value format for package options (HO)
)
\@linkdim=\dimen151
\Hy@linkcounter=\count195
\Hy@pagecounter=\count196

(/usr/share/texlive/texmf-dist/tex/latex/hyperref/pd1enc.def
File: pd1enc.def 2020/01/14 v7.00d Hyperref: PDFDocEncoding definition (HO)
Now handling font encoding PD1 ...
... no UTF-8 mapping file for font encoding PD1
)
(/usr/share/texlive/texmf-dist/tex/generic/intcalc/intcalc.sty
Package: intcalc 2019/12/15 v1.3 Expandable calculations with integers (HO)
)
(/usr/share/texlive/texmf-dist/tex/generic/etexcmds/etexcmds.sty
Package: etexcmds 2019/12/15 v1.7 Avoid name clashes with e-TeX commands (HO)
)
\Hy@SavedSpaceFactor=\count197
\pdfmajorversion=\count198
Package hyperref Info: Option `colorlinks' set `true' on input line 4421.
Package hyperref Info: Hyper figures OFF on input line 4547.
Package hyperref Info: Link nesting OFF on input line 4552.
Package hyperref Info: Hyper index ON on input line 4555.
Package hyperref Info: Plain pages OFF on input line 4562.
Package hyperref Info: Backreferencing OFF on input line 4567.
Package hyperref Info: Implicit mode ON; LaTeX internals redefined.
Package hyperref Info: Bookmarks ON on input line 4800.
\c@Hy@tempcnt=\count199

(/usr/share/texlive/texmf-dist/tex/latex/url/url.sty
\Urlmuskip=\muskip17
Package: url 2013/09/16  ver 3.4  Verb mode for urls, etc.
)
LaTeX Info: Redefining \url on input line 5159.
\XeTeXLinkMargin=\dimen152

(/usr/share/texlive/texmf-dist/tex/generic/bitset/bitset.sty
Package: bitset 2019/12/09 v1.3 Handle bit-vector datatype (HO)

(/usr/share/texlive/texmf-dist/tex/generic/bigintcalc/bigintcalc.sty
Package: bigintcalc 2019/12/15 v1.5 Expandable calculations on big integers (HO
)
))
\Fld@menulength=\count266
\Field@Width=\dimen153
\Fld@charsize=\dimen154
\Field@toks=\toks22
Package hyperref Info: Hyper figures OFF on input line 6430.
Package hyperref Info: Link nesting OFF on input line 6435.
Package hyperref Info: Hyper index ON on input line 6438.
Package hyperref Info: backreferencing OFF on input line 6445.
Package hyperref Info: Link coloring OFF on input line 6450.
Package hyperref Info: Link coloring with OCG OFF on input line 6455.
Package hyperref Info: PDF/A mode OFF on input line 6460.
LaTeX Info: Redefining \ref on input line 6500.
LaTeX Info: Redefining \pageref on input line 6504.

(/usr/share/texlive/texmf-dist/tex/generic/atbegshi/atbegshi.sty
Package: atbegshi 2019/12/05 v1.19 At begin shipout hook (HO)
)
\Hy@abspage=\count267


Package hyperref Message: Stopped early.

)
Package hyperref Info: Driver: htex4ht.
 (/usr/share/texlive/texmf-dist/tex/latex/hyperref/htex4ht.def
File: htex4ht.def 2020/01/14 v7.00d Hyperref driver for TeX4ht
Package hyperref Info: tex4ht is already loaded.
)
(/usr/share/texlive/texmf-dist/tex/generic/tex4ht/tex4ht.4ht
version 2018-12-30-09:29
--------------------------------------
--- Note --- for additional information, use the command line option `info'
--------------------------------------

::::::::::::::::::::::::::::::::::::::::::
 TeX4ht info is available in the log file 
::::::::::::::::::::::::::::::::::::::::::
) (/usr/share/texlive/texmf-dist/tex/generic/tex4ht/tex4ht.sty
version 2019-03-18-15:24

(/usr/share/texlive/texmf-dist/tex/latex/graphics/color.sty
Package: color 2019/11/23 v1.2a Standard LaTeX Color (DPC)

(/usr/share/texlive/texmf-dist/tex/latex/graphics-cfg/color.cfg
File: color.cfg 2016/01/02 v1.6 sample color configuration
)
Package color Info: Driver file: dvips.def on input line 147.

(/usr/share/texlive/texmf-dist/tex/latex/graphics/dvipsnam.def
File: dvipsnam.def 2016/06/17 v3.0m Driver-dependent file (DPC,SPQR)
))
--- needs --- tex4ht cath_v15 ---
\tmp:cnt=\count268
\openout15 = `cath_v15.tmp'.

(./cath_v15.tmp)
\tmp:dim=\skip55
--------------------------------------
--- Note --- for XML code, use the command line option `xml' or `xhtml'
--------------------------------------
 (./cath_v15.xref)
\:refout=\write3
\openout3 = `cath_v15.xref'.


(/usr/share/texlive/texmf-dist/tex/generic/tex4ht/html4.4ht
version 2020-02-14-14:21
--------------------------------------
--- Note --- to remove the <?xml version=...?> processing instruction use the c
ommand line option `no-VERSION'
--------------------------------------
--------------------------------------
--- Note --- to remove the DOCTYPE declaration use the command line option `no-
DOCTYPE'
--------------------------------------
)
(/usr/share/texlive/texmf-dist/tex/generic/tex4ht/html4-math.4ht
version 2019-12-16-15:21
)
--------------------------------------
--- Note --- for marking of the base font, use the command line option `fonts+'

--------------------------------------
--------------------------------------
--- Note --- for non active _, use the command line option `no_'
--------------------------------------
--------------------------------------
--- Note --- for _ of catcode 13, use the command line option `_13'
--------------------------------------
--------------------------------------
--- Note --- for non active ^, use the command line option `no^'
--------------------------------------
--------------------------------------
--- Note --- for ^ of catcode 13, use the command line option `^13'
--------------------------------------

(/usr/share/texlive/texmf-dist/tex/generic/tex4ht/html4.4ht
version 2020-02-14-14:21
--------------------------------------
--- Note --- for alternative charset, use the command line option `charset=...'

--------------------------------------
--------------------------------------
--- Note --- to ignore CSS font decoration, use the `NoFonts' command line opti
on
--------------------------------------
--------------------------------------
--- Note --- for jpg bitmaps of pictures, use the `jpg' command line option. (C
haracter bitmaps are controled only by `g' records of tex4ht.env and `-g' switc
hes of tex4ht.c) 
--------------------------------------
--------------------------------------
--- Note --- for gif bitmaps of pictures, use the `gif' command line option. (C
haracter bitmaps are controled only by `g' records of tex4ht.env and `-g' switc
hes of tex4ht.c) 
--------------------------------------
--------------------------------------
--- Note --- for content and toc in 2 frames, use the command line option `fram
es'
--------------------------------------
--------------------------------------
--- Note --- for content, toc, and footnotes in 3 frames, use the command line 
option `frames-fn'
--------------------------------------
--------------------------------------
--- Note --- for file extension name xht, use the command line option `xht'
--------------------------------------
TeX4ht package options: html
--------------------------------------
--- Note --- To print a timestamp, use the command line option timestamp
--------------------------------------
--------------------------------------
--- Note --- to ignore CSS code, use the command line option `-css
--------------------------------------
--------------------------------------
--- Note --- for inline CSS code, use the command line option `css-in'
--------------------------------------
--------------------------------------
--- Note --- for pop ups on mouse over, use the command line option `mouseover'

--------------------------------------
--------------------------------------
--- Note --- for addressing images in a subdirectory, use the command line opti
on `imgdir:.../'
--------------------------------------
)
(/usr/share/texlive/texmf-dist/tex/generic/tex4ht/html4-math.4ht
version 2019-12-16-15:21
)
\:tokwrite=\toks23
\:tokpage=\toks24
--------------------------------------
--- Note --- for back links to toc, use the command line option `sections+'
--------------------------------------
--------------------------------------
--- Note --- for linear crosslinks of pages, use the command line option `next'

--------------------------------------
\openout15 = `cath_v15.4ct'.

\:tocout=\write4
\openout4 = `cath_v15.4tc'.


(/usr/share/texlive/texmf-dist/tex/generic/tex4ht/html4.4ht
version 2020-02-14-14:21
)
(/usr/share/texlive/texmf-dist/tex/generic/tex4ht/html4-math.4ht
version 2019-12-16-15:21
)
(/usr/share/texlive/texmf-dist/tex/generic/tex4ht/latex.4ht
version 2019-08-26-14:22
LaTeX Info: Redefining \_ on input line 168.
--------------------------------------
--- Note --- for links into captions, instead of float heads, use the command l
ine option `refcaption'
--------------------------------------

(/usr/share/texlive/texmf-dist/tex/generic/tex4ht/html4.4ht
version 2020-02-14-14:21
)
(/usr/share/texlive/texmf-dist/tex/generic/tex4ht/html4-math.4ht
version 2019-12-16-15:21
)
(/usr/share/texlive/texmf-dist/tex/generic/tex4ht/html4.4ht
version 2020-02-14-14:21
--------------------------------------
--- Note --- For mini tocs immediately aftter the header use the command line o
ption `minitoc<'
--------------------------------------
--------------------------------------
--- Note --- for enumerated list elements with valued data, use the command lin
e option `enumerate+'
--------------------------------------
--------------------------------------
--- Note --- for enumerated list elements li's with value attributes, use the c
ommand line option `enumerate-'
--------------------------------------
--------------------------------------
--- Note --- for CSS2 code, use the command line option `css2'
--------------------------------------
--------------------------------------
--- Note --- for pictorial tabular, use the command line option `pic-tabular'
--------------------------------------
--------------------------------------
--- Note --- for bitmap fbox'es, use the command line option `pic-fbox'
--------------------------------------
--------------------------------------
--- Note --- for bitmap framebox'es, use the command line option `pic-framebox'

--------------------------------------
--------------------------------------
--- Note --- for inline footnotes use command line option `fn-in'
--------------------------------------
--------------------------------------
--- Note --- for tracing of latex font commands, use the command line option `f
onts'
--------------------------------------
--------------------------------------
--- Note --- for width specifications of tabular p entries, use the `p-width' c
ommand line option or a configuration similar to \Configure{HColWidth}{\HCode{ 
style="width:\HColWidth"}}
--------------------------------------
)
(/usr/share/texlive/texmf-dist/tex/generic/tex4ht/html4-math.4ht
version 2019-12-16-15:21
--------------------------------------
--- Note --- for pictorial eqnarray, use the command line option `pic-eqnarray'

--------------------------------------
--------------------------------------
--- Note --- for pictorial array, use the command line option `pic-array'
--------------------------------------
--------------------------------------
--- Note --- for pictorial $...$ environments, use the command line option `pic
-m' (not recommended!!)
--------------------------------------
--------------------------------------
--- Note --- for pictorial $...$ and $$...$$ environments with latex alt, use t
he command line option `pic-m+' (not safe!!)
--------------------------------------
--------------------------------------
--- Note --- for pictorial array, use the command line option `pic-array'
--------------------------------------
))
(/usr/share/texlive/texmf-dist/tex/generic/tex4ht/fontmath.4ht
version 2018-11-06-15:55

(/usr/share/texlive/texmf-dist/tex/generic/tex4ht/html4.4ht
version 2020-02-14-14:21
)
(/usr/share/texlive/texmf-dist/tex/generic/tex4ht/html4-math.4ht
version 2019-12-16-15:21
))
(/usr/share/texlive/texmf-dist/tex/generic/tex4ht/article.4ht
(/usr/share/texlive/texmf-dist/tex/generic/tex4ht/html4.4ht
version 2020-02-14-14:21
--------------------------------------
--- Note --- for automatic sectioning pagination, use the command line option `
1', `2', `3', '4', '5', '6', or '7'
--------------------------------------
--------------------------------------
--- Note --- for files named derived from section titles, use the command line 
option `sec-filename'
--------------------------------------
--------------------------------------
--- Note --- for i-columns index, use the command line option `index=i' (e.g., 
index=2)
--------------------------------------
)
(/usr/share/texlive/texmf-dist/tex/generic/tex4ht/html4-math.4ht
version 2019-12-16-15:21
))
(/usr/share/texlive/texmf-dist/tex/generic/tex4ht/graphicx.4ht
version 2018-10-01-14:24

(/usr/share/texlive/texmf-dist/tex/generic/tex4ht/html4.4ht
version 2020-02-14-14:21
)
(/usr/share/texlive/texmf-dist/tex/generic/tex4ht/html4-math.4ht
version 2019-12-16-15:21
))
(/usr/share/texlive/texmf-dist/tex/generic/tex4ht/graphics.4ht
(/usr/share/texlive/texmf-dist/tex/generic/tex4ht/html4.4ht
version 2020-02-14-14:21
--------------------------------------
--- Note --- if included graphics are of degraded quality, try the command line
 options `graphics-num' or `graphics-'. The `num' should provide the density of
 pixels in the bitmaps (e.g., 110). 
--------------------------------------
--------------------------------------
--- Note --- for key dimensions try the option `Gin-dim'; for key dimensions wh
en bounding box is unavailable try `Gin-dim+'; neither is recommended
--------------------------------------
)
(/usr/share/texlive/texmf-dist/tex/generic/tex4ht/html4-math.4ht
version 2019-12-16-15:21
))
(/usr/share/texlive/texmf-dist/tex/generic/tex4ht/dvips.4ht
version 2009-05-21-09:32

(/usr/share/texlive/texmf-dist/tex/generic/tex4ht/html4.4ht
version 2020-02-14-14:21
)
(/usr/share/texlive/texmf-dist/tex/generic/tex4ht/html4-math.4ht
version 2019-12-16-15:21
))
(/usr/share/texlive/texmf-dist/tex/generic/tex4ht/natbib.4ht
(/usr/share/texlive/texmf-dist/tex/generic/tex4ht/html4.4ht
version 2020-02-14-14:21
)
(/usr/share/texlive/texmf-dist/tex/generic/tex4ht/html4-math.4ht
version 2019-12-16-15:21
))
(/usr/share/texlive/texmf-dist/tex/generic/tex4ht/amsmath.4ht
version 2019-12-29-14:17
\tmp:muskip=\muskip18

(/usr/share/texlive/texmf-dist/tex/generic/tex4ht/html4.4ht
version 2020-02-14-14:21
)
(/usr/share/texlive/texmf-dist/tex/generic/tex4ht/html4-math.4ht
version 2019-12-16-15:21
))
(/usr/share/texlive/texmf-dist/tex/generic/tex4ht/amstext.4ht
version 2009-05-21-09:32

(/usr/share/texlive/texmf-dist/tex/generic/tex4ht/html4.4ht
version 2020-02-14-14:21
)
(/usr/share/texlive/texmf-dist/tex/generic/tex4ht/html4-math.4ht
version 2019-12-16-15:21
))
(/usr/share/texlive/texmf-dist/tex/generic/tex4ht/amsbsy.4ht
version 2009-05-21-09:32

(/usr/share/texlive/texmf-dist/tex/generic/tex4ht/html4.4ht
version 2020-02-14-14:21
)
(/usr/share/texlive/texmf-dist/tex/generic/tex4ht/html4-math.4ht
version 2019-12-16-15:21
))
(/usr/share/texlive/texmf-dist/tex/generic/tex4ht/amsopn.4ht
version 2009-05-21-09:32

(/usr/share/texlive/texmf-dist/tex/generic/tex4ht/html4.4ht
version 2020-02-14-14:21
)
(/usr/share/texlive/texmf-dist/tex/generic/tex4ht/html4-math.4ht
version 2019-12-16-15:21
))
(/usr/share/texlive/texmf-dist/tex/generic/tex4ht/lineno.4ht
version 2009-05-21-09:32

(/usr/share/texlive/texmf-dist/tex/generic/tex4ht/html4.4ht
version 2020-02-14-14:21

l.37258 --- TeX4ht warning --- The line numbers are commented out. To reintrodu
ce them, use the \Configure{lineno}{...}{...} command ---
) (/usr/share/texlive/texmf-dist/tex/generic/tex4ht/html4-math.4ht
version 2019-12-16-15:21
))
(/usr/share/texlive/texmf-dist/tex/generic/tex4ht/hyperref.4ht
version 2019-09-14-15:17

(/usr/share/texlive/texmf-dist/tex/latex/hyperref/nameref.sty
Package: nameref 2019/09/16 v2.46 Cross-referencing by name of section

(/usr/share/texlive/texmf-dist/tex/latex/refcount/refcount.sty
Package: refcount 2019/12/15 v3.6 Data extraction from label references (HO)
)
(/usr/share/texlive/texmf-dist/tex/generic/gettitlestring/gettitlestring.sty
Package: gettitlestring 2019/12/15 v1.6 Cleanup title references (HO)
)
\c@section@level=\count269
)
(/usr/share/texlive/texmf-dist/tex/generic/tex4ht/nameref.4ht
version 2019-12-23-13:36

(/usr/share/texlive/texmf-dist/tex/generic/tex4ht/html4.4ht
version 2020-02-14-14:21
)
(/usr/share/texlive/texmf-dist/tex/generic/tex4ht/html4-math.4ht
version 2019-12-16-15:21
))
LaTeX Info: Redefining \autoref on input line 95.
\Hy@SectionHShift=\skip56

(/usr/share/texlive/texmf-dist/tex/generic/tex4ht/html4.4ht
version 2020-02-14-14:21
)
(/usr/share/texlive/texmf-dist/tex/generic/tex4ht/html4-math.4ht
version 2019-12-16-15:21
))
(/usr/share/texlive/texmf-dist/tex/generic/tex4ht/pd1enc.4ht
version 2009-05-21-09:32

(/usr/share/texlive/texmf-dist/tex/generic/tex4ht/html4.4ht
version 2020-02-14-14:21
)
(/usr/share/texlive/texmf-dist/tex/generic/tex4ht/html4-math.4ht
version 2019-12-16-15:21
))
(/usr/share/texlive/texmf-dist/tex/generic/tex4ht/url.4ht
version 2009-05-21-09:32

(/usr/share/texlive/texmf-dist/tex/generic/tex4ht/html4.4ht
version 2020-02-14-14:21
--------------------------------------
--- Note --- for URL encoding within href use the command line option `url-enc'

--------------------------------------
)
(/usr/share/texlive/texmf-dist/tex/generic/tex4ht/html4-math.4ht
version 2019-12-16-15:21
))
(/usr/share/texlive/texmf-dist/tex/generic/tex4ht/color.4ht
(/usr/share/texlive/texmf-dist/tex/generic/tex4ht/html4.4ht
version 2020-02-14-14:21
)
(/usr/share/texlive/texmf-dist/tex/generic/tex4ht/html4-math.4ht
version 2019-12-16-15:21
))
(/usr/share/texlive/texmf-dist/tex/generic/tex4ht/dvipsnam.4ht
version 2009-05-21-09:32

(/usr/share/texlive/texmf-dist/tex/latex/graphics/dvipsnam.def)
(/usr/share/texlive/texmf-dist/tex/generic/tex4ht/html4.4ht
version 2020-02-14-14:21
)
(/usr/share/texlive/texmf-dist/tex/generic/tex4ht/html4-math.4ht
version 2019-12-16-15:21
))
(/usr/share/texlive/texmf-dist/tex/generic/tex4ht/html4.4ht
version 2020-02-14-14:21
)
(/usr/share/texlive/texmf-dist/tex/generic/tex4ht/html4-math.4ht
version 2019-12-16-15:21
))
(/usr/share/texlive/texmf-dist/tex/latex/l3backend/l3backend-dvips.def
File: l3backend-dvips.def 2020-02-03 L3 backend support: dvips
\l__pdf_internal_box=\box48
\g__pdf_backend_object_int=\count270
\l__pdf_backend_content_box=\box49
\l__pdf_backend_model_box=\box50
\g__pdf_backend_annotation_int=\count271
\g__pdf_backend_link_int=\count272
\g__pdf_backend_link_sf_int=\count273
)
(./cath_v15.aux)
\openout1 = `cath_v15.aux'.

LaTeX Font Info:    Checking defaults for OML/cmm/m/it on input line 10.
LaTeX Font Info:    ... okay on input line 10.
LaTeX Font Info:    Checking defaults for OMS/cmsy/m/n on input line 10.
LaTeX Font Info:    ... okay on input line 10.
LaTeX Font Info:    Checking defaults for OT1/cmr/m/n on input line 10.
LaTeX Font Info:    ... okay on input line 10.
LaTeX Font Info:    Checking defaults for T1/cmr/m/n on input line 10.
LaTeX Font Info:    ... okay on input line 10.
LaTeX Font Info:    Checking defaults for TS1/cmr/m/n on input line 10.
LaTeX Font Info:    ... okay on input line 10.
LaTeX Font Info:    Checking defaults for OMX/cmex/m/n on input line 10.
LaTeX Font Info:    ... okay on input line 10.
LaTeX Font Info:    Checking defaults for U/cmr/m/n on input line 10.
LaTeX Font Info:    ... okay on input line 10.
LaTeX Font Info:    Checking defaults for PD1/pdf/m/n on input line 10.
LaTeX Font Info:    ... okay on input line 10.
\AtBeginShipoutBox=\box51
Package hyperref Info: Link coloring OFF on input line 10.
LaTeX Info: Redefining \ref on input line 10.
LaTeX Info: Redefining \pageref on input line 10.
LaTeX Info: Redefining \nameref on input line 10.
--- file cath_v15.css ---
 [1

] [2] [3]
l.119 --- TeX4ht warning --- File `"fig1.xbb"' not found ---
l.119 --- TeX4ht warning --- Cannot determine size of graphic in "fig1.xbb" (no
 BoundingBox) ---
l. 119 --- needs --- fig1-.png ---
[4]
l. 137 Writing cath_v15.idv[1] (cath_v150x.png)
l. 150 Writing cath_v15.idv[2] (cath_v151x.png)
l. 165 Writing cath_v15.idv[3] (cath_v152x.png)
 [5]
l. 174 Writing cath_v15.idv[4] (cath_v153x.png)

l.195 --- TeX4ht warning --- File `"fig2.xbb"' not found ---
l.195 --- TeX4ht warning --- Cannot determine size of graphic in "fig2.xbb" (no
 BoundingBox) ---
l. 195 --- needs --- fig2-.png ---
l. 225 Writing cath_v15.idv[5] (cath_v154x.png)
[6]
l. 241 Writing cath_v15.idv[6] (cath_v155x.png)

l.262 --- TeX4ht warning --- File `"fig3.xbb"' not found ---
l.262 --- TeX4ht warning --- Cannot determine size of graphic in "fig3.xbb" (no
 BoundingBox) ---
l. 262 --- needs --- fig3-.png ---
[7]
l. 304 Writing cath_v15.idv[7] (cath_v156x.png)
l. 318 Writing cath_v15.idv[8] (cath_v157x.png)
l. 337 Writing cath_v15.idv[9] (cath_v158x.png)
l. 337 Writing cath_v15.idv[10] (cath_v159x.png)
l. 337 Writing cath_v15.idv[11] (cath_v1510x.png)
l. 337 Writing cath_v15.idv[12] (cath_v1511x.png)
 [8]
l. 364 Writing cath_v15.idv[13] (cath_v1512x.png)
 [9]
l. 382 Writing cath_v15.idv[14] (cath_v1513x.png)
l. 396 Writing cath_v15.idv[15] (cath_v1514x.png)
l. 420 Writing cath_v15.idv[16] (cath_v1515x.png)
 [10]
l. 436 Writing cath_v15.idv[17] (cath_v1516x.png)
l. 456 Writing cath_v15.idv[18] (cath_v1517x.png)
 [11]
l.467 --- TeX4ht warning --- File `"fig4.xbb"' not found ---
l.467 --- TeX4ht warning --- Cannot determine size of graphic in "fig4.xbb" (no
 BoundingBox) ---
l. 467 --- needs --- fig4-.png ---
[12] [13] [14] (./cath_v15.aux) ) 
Here is how much of TeX's memory you used:
 10147 strings out of 481240
 137979 string characters out of 5920404
 529522 words of memory out of 5000000
 25171 multiletter control sequences out of 15000+600000
 539169 words of font info for 48 fonts, out of 8000000 for 9000
 1141 hyphenation exceptions out of 8191
 41i,21n,39p,1987b,650s stack positions out of 5000i,500n,10000p,200000b,80000s

Output written on cath_v15.dvi (14 pages, 76792 bytes).
