This is pdfTeX, Version 3.1415926-1.40.10 (TeX Live 2009/Debian) (format=pdflatex 2011.5.22)  14 DEC 2012 11:03
entering extended mode
 %&-line parsing enabled.
**\nonstopmode\input manual.tex
(./manual.tex (/usr/share/texmf-texlive/tex/latex/base/article.cls
Document Class: article 2007/10/19 v1.4h Standard LaTeX document class
(/usr/share/texmf-texlive/tex/latex/base/size12.clo
File: size12.clo 2007/10/19 v1.4h Standard LaTeX file (size option)
)
\c@part=\count79
\c@section=\count80
\c@subsection=\count81
\c@subsubsection=\count82
\c@paragraph=\count83
\c@subparagraph=\count84
\c@figure=\count85
\c@table=\count86
\abovecaptionskip=\skip41
\belowcaptionskip=\skip42
\bibindent=\dimen102
)
(/usr/share/texmf-texlive/tex/latex/preprint/fullpage.sty
Package: fullpage 1999/02/23 1.1 (PWD)
\FP@margin=\skip43
)
(/usr/share/texmf-texlive/tex/latex/amsmath/amsmath.sty
Package: amsmath 2000/07/18 v2.13 AMS math features
\@mathmargin=\skip44

For additional information on amsmath, use the `?' option.
(/usr/share/texmf-texlive/tex/latex/amsmath/amstext.sty
Package: amstext 2000/06/29 v2.01

(/usr/share/texmf-texlive/tex/latex/amsmath/amsgen.sty
File: amsgen.sty 1999/11/30 v2.0
\@emptytoks=\toks14
\ex@=\dimen103
))
(/usr/share/texmf-texlive/tex/latex/amsmath/amsbsy.sty
Package: amsbsy 1999/11/29 v1.2d
\pmbraise@=\dimen104
)
(/usr/share/texmf-texlive/tex/latex/amsmath/amsopn.sty
Package: amsopn 1999/12/14 v2.01 operator names
)
\inf@bad=\count87
LaTeX Info: Redefining \frac on input line 211.
\uproot@=\count88
\leftroot@=\count89
LaTeX Info: Redefining \overline on input line 307.
\classnum@=\count90
\DOTSCASE@=\count91
LaTeX Info: Redefining \ldots on input line 379.
LaTeX Info: Redefining \dots on input line 382.
LaTeX Info: Redefining \cdots on input line 467.
\Mathstrutbox@=\box26
\strutbox@=\box27
\big@size=\dimen105
LaTeX Font Info:    Redeclaring font encoding OML on input line 567.
LaTeX Font Info:    Redeclaring font encoding OMS on input line 568.
\macc@depth=\count92
\c@MaxMatrixCols=\count93
\dotsspace@=\muskip10
\c@parentequation=\count94
\dspbrk@lvl=\count95
\tag@help=\toks15
\row@=\count96
\column@=\count97
\maxfields@=\count98
\andhelp@=\toks16
\eqnshift@=\dimen106
\alignsep@=\dimen107
\tagshift@=\dimen108
\tagwidth@=\dimen109
\totwidth@=\dimen110
\lineht@=\dimen111
\@envbody=\toks17
\multlinegap=\skip45
\multlinetaggap=\skip46
\mathdisplay@stack=\toks18
LaTeX Info: Redefining \[ on input line 2666.
LaTeX Info: Redefining \] on input line 2667.
)
(/usr/share/texmf-texlive/tex/latex/graphics/graphicx.sty
Package: graphicx 1999/02/16 v1.0f Enhanced LaTeX Graphics (DPC,SPQR)

(/usr/share/texmf-texlive/tex/latex/graphics/keyval.sty
Package: keyval 1999/03/16 v1.13 key=value parser (DPC)
\KV@toks@=\toks19
)
(/usr/share/texmf-texlive/tex/latex/graphics/graphics.sty
Package: graphics 2009/02/05 v1.0o Standard LaTeX Graphics (DPC,SPQR)

(/usr/share/texmf-texlive/tex/latex/graphics/trig.sty
Package: trig 1999/03/16 v1.09 sin cos tan (DPC)
)
(/etc/texmf/tex/latex/config/graphics.cfg
File: graphics.cfg 2009/08/28 v1.8 graphics configuration of TeX Live
)
Package graphics Info: Driver file: pdftex.def on input line 91.

(/usr/share/texmf-texlive/tex/latex/pdftex-def/pdftex.def
File: pdftex.def 2009/08/25 v0.04m Graphics/color for pdfTeX
\Gread@gobject=\count99
))
\Gin@req@height=\dimen112
\Gin@req@width=\dimen113
)
(/usr/share/texmf-texlive/tex/latex/geometry/geometry.sty
Package: geometry 2008/12/21 v4.2 Page Geometry

(/usr/share/texmf-texlive/tex/generic/oberdiek/ifpdf.sty
Package: ifpdf 2009/04/10 v2.0 Provides the ifpdf switch (HO)
Package ifpdf Info: pdfTeX in pdf mode detected.
)
(/usr/share/texmf-texlive/tex/generic/oberdiek/ifvtex.sty
Package: ifvtex 2008/11/04 v1.4 Switches for detecting VTeX and its modes (HO)
Package ifvtex Info: VTeX not detected.
)
\Gm@cnth=\count100
\Gm@cntv=\count101
\c@Gm@tempcnt=\count102
\Gm@bindingoffset=\dimen114
\Gm@wd@mp=\dimen115
\Gm@odd@mp=\dimen116
\Gm@even@mp=\dimen117
\Gm@dimlist=\toks20
)
(/usr/share/texmf-texlive/tex/latex/sidecap/sidecap.sty
Package: sidecap 2003/06/06 v1.6f SideCap Package (RN/HjG)

(/usr/share/texmf-texlive/tex/latex/base/ifthen.sty
Package: ifthen 2001/05/26 v1.1c Standard LaTeX ifthen package (DPC)
)
\SC@BOXWD=\dimen118
\SC@CAPWD=\dimen119
\SC@tempdima=\dimen120
\SC@tempdimb=\dimen121
\c@SC@C=\count103
\SC@BOX=\box28
) (./manual.aux)
\openout1 = `manual.aux'.

LaTeX Font Info:    Checking defaults for OML/cmm/m/it on input line 12.
LaTeX Font Info:    ... okay on input line 12.
LaTeX Font Info:    Checking defaults for T1/cmr/m/n on input line 12.
LaTeX Font Info:    ... okay on input line 12.
LaTeX Font Info:    Checking defaults for OT1/cmr/m/n on input line 12.
LaTeX Font Info:    ... okay on input line 12.
LaTeX Font Info:    Checking defaults for OMS/cmsy/m/n on input line 12.
LaTeX Font Info:    ... okay on input line 12.
LaTeX Font Info:    Checking defaults for OMX/cmex/m/n on input line 12.
LaTeX Font Info:    ... okay on input line 12.
LaTeX Font Info:    Checking defaults for U/cmr/m/n on input line 12.
LaTeX Font Info:    ... okay on input line 12.

(/usr/share/texmf-texlive/tex/context/base/supp-pdf.mkii
[Loading MPS to PDF converter (version 2006.09.02).]
\scratchcounter=\count104
\scratchdimen=\dimen122
\scratchbox=\box29
\nofMPsegments=\count105
\nofMParguments=\count106
\everyMPshowfont=\toks21
\MPscratchCnt=\count107
\MPscratchDim=\dimen123
\MPnumerator=\count108
\everyMPtoPDFconversion=\toks22
)
*geometry auto-detecting driver*
*geometry detected driver: pdftex*
-------------------- Geometry parameters
paper: class default
landscape: --
twocolumn: --
twoside: --
asymmetric: --
h-parts: 92.14519pt, 0.7\paperwidth , 92.14519pt (default)
v-parts: 95.39737pt, 0.7\paperheight , 143.09605pt (default)
hmarginratio: 1:1
vmarginratio: 2:3
lines: --
heightrounded: --
bindingoffset: 0.0pt
truedimen: --
includehead: --
includefoot: --
includemp: --
driver: pdftex
-------------------- Page layout dimensions and switches
\paperwidth  614.295pt
\paperheight 794.96999pt
\textwidth  430.00462pt
\textheight 556.47656pt
\oddsidemargin  19.8752pt
\evensidemargin 19.8752pt
\topmargin  23.12738pt
\headheight 0.0pt
\headsep    0.0pt
\footskip   30.0pt
\marginparwidth 44.0pt
\marginparsep   10.0pt
\columnsep  10.0pt
\skip\footins  10.8pt plus 4.0pt minus 2.0pt
\hoffset 0.0pt
\voffset 0.0pt
\mag 1000

(1in=72.27pt, 1cm=28.45pt)
-----------------------
(/usr/share/texmf-texlive/tex/latex/ms/ragged2e.sty
Package: ragged2e 2009/05/21 v2.1 ragged2e Package (MS)

(/usr/share/texmf-texlive/tex/latex/ms/everysel.sty
Package: everysel 1999/06/08 v1.03 EverySelectfont Package (MS)
LaTeX Info: Redefining \selectfont on input line 125.
)
\CenteringLeftskip=\skip47
\RaggedLeftLeftskip=\skip48
\RaggedRightLeftskip=\skip49
\CenteringRightskip=\skip50
\RaggedLeftRightskip=\skip51
\RaggedRightRightskip=\skip52
\CenteringParfillskip=\skip53
\RaggedLeftParfillskip=\skip54
\RaggedRightParfillskip=\skip55
\JustifyingParfillskip=\skip56
\CenteringParindent=\skip57
\RaggedLeftParindent=\skip58
\RaggedRightParindent=\skip59
\JustifyingParindent=\skip60
)
Underfull \hbox (badness 10000) in paragraph at lines 17--27

 []

<checkedAddIn.jpg, id=1, 310.15875pt x 386.94562pt>
File: checkedAddIn.jpg Graphic file (type jpg)
 <use checkedAddIn.jpg>
! Missing { inserted.
<inserted text> 
                {
l.38 \end{tabular}
                  
I've put in what seems to be necessary to fix
the current column of the current alignment.
Try to go on, since this might almost work.


Overfull \hbox (17.62482pt too wide) in paragraph at lines 16--40
[]$[]$ 
 []

<menu.jpg, id=2, 105.0324pt x 49.1436pt>
File: menu.jpg Graphic file (type jpg)
 <use menu.jpg>
Underfull \hbox (badness 10000) in paragraph at lines 46--55

 []


Overfull \hbox (17.62482pt too wide) in paragraph at lines 42--56
[]$[]$ 
 []

[1

{/var/lib/texmf/fonts/map/pdftex/updmap/pdftex.map} <./checkedAddIn.jpg>]
<scaling.jpg, id=11, 207.4149pt x 73.9563pt>
File: scaling.jpg Graphic file (type jpg)
 <use scaling.jpg>
Underfull \hbox (badness 10000) in paragraph at lines 61--73

 []


Overfull \hbox (17.62482pt too wide) in paragraph at lines 57--74
[]$[]$ 
 []

<shieldingTopo.jpg, id=12, 218.4963pt x 80.4606pt>
File: shieldingTopo.jpg Graphic file (type jpg)
 <use shieldingTopo.jpg>
<shieldingSnow.jpg, id=13, 147.4308pt x 80.2197pt>
File: shieldingSnow.jpg Graphic file (type jpg)
 <use shieldingSnow.jpg>
<shieldingSelf.jpg, id=14, 82.8696pt x 77.8107pt>
File: shieldingSelf.jpg Graphic file (type jpg)
 <use shieldingSelf.jpg>
Underfull \hbox (badness 10000) in paragraph at lines 81--86

 []


Overfull \hbox (17.62482pt too wide) in paragraph at lines 75--87
[]$[]$ 
 []

[2 <./menu.jpg> <./scaling.jpg>]
Underfull \hbox (badness 10000) in paragraph at lines 98--99

 []


Underfull \hbox (badness 10000) in paragraph at lines 112--121

 []

[3 <./shieldingTopo.jpg> <./shieldingSnow.jpg> <./shieldingSelf.jpg>]
<AlBeBanana.jpg, id=27, 115.3911pt x 66.4884pt>
File: AlBeBanana.jpg Graphic file (type jpg)
 <use AlBeBanana.jpg>
LaTeX Font Info:    Try loading font information for OMS+cmr on input line 132.


(/usr/share/texmf-texlive/tex/latex/base/omscmr.fd
File: omscmr.fd 1999/05/25 v2.5h Standard LaTeX font definitions
)
LaTeX Font Info:    Font shape `OMS/cmr/m/n' in size <12> not available
(Font)              Font shape `OMS/cmsy/m/n' tried instead on input line 132.

Underfull \hbox (badness 10000) in paragraph at lines 126--136

 []


Overfull \hbox (17.62482pt too wide) in paragraph at lines 122--137
[]$[]$ 
 []

<NeBeBananaWithoutMuonsSmall.jpg, id=28, 240.9pt x 199.947pt>
File: NeBeBananaWithoutMuonsSmall.jpg Graphic file (type jpg)

<use NeBeBananaWithoutMuonsSmall.jpg>
<NeBeBananaWithMuonsSmall.jpg, id=29, 240.9pt x 200.4288pt>
File: NeBeBananaWithMuonsSmall.jpg Graphic file (type jpg)

<use NeBeBananaWithMuonsSmall.jpg>
Underfull \hbox (badness 10000) in paragraph at lines 143--147

 []


Overfull \hbox (17.62482pt too wide) in paragraph at lines 138--148
[]$[]$ 
 []

[4 <./AlBeBanana.jpg>] <singleNuclideAge.jpg, id=33, 124.0635pt x 96.36pt>
File: singleNuclideAge.jpg Graphic file (type jpg)

<use singleNuclideAge.jpg>
Underfull \hbox (badness 10000) in paragraph at lines 153--158

 []


Overfull \hbox (17.62482pt too wide) in paragraph at lines 149--159
[]$[]$ 
 []

[5 <./NeBeBananaWithoutMuonsSmall.jpg> <./NeBeBananaWithMuonsSmall.jpg> <./sing
leNuclideAge.jpg>] <twoNuclideAge.jpg, id=37, 122.6181pt x 94.1919pt>
File: twoNuclideAge.jpg Graphic file (type jpg)

<use twoNuclideAge.jpg>
Underfull \hbox (badness 10000) in paragraph at lines 193--199

 []


Overfull \hbox (17.62482pt too wide) in paragraph at lines 189--200
[]$[]$ 
 []

<twoNuclideOptions.jpg, id=38, 123.0999pt x 134.4222pt>
File: twoNuclideOptions.jpg Graphic file (type jpg)

<use twoNuclideOptions.jpg>
Underfull \hbox (badness 10000) in paragraph at lines 205--210

 []


Overfull \hbox (17.62482pt too wide) in paragraph at lines 201--211
[]$[]$ 
 []

[6 <./twoNuclideAge.jpg>]
<metropolisBananaSmall.jpg, id=43, 414.348pt x 282.3348pt>
File: metropolisBananaSmall.jpg Graphic file (type jpg)

<use metropolisBananaSmall.jpg>
Underfull \hbox (badness 10000) in paragraph at lines 216--225

 []


Overfull \hbox (17.62482pt too wide) in paragraph at lines 212--226
[]$[]$ 
 []

[7 <./twoNuclideOptions.jpg>]
<twoNuclideNewtonResults.jpg, id=48, 185.2521pt x 23.3673pt>
File: twoNuclideNewtonResults.jpg Graphic file (type jpg)

<use twoNuclideNewtonResults.jpg>
<twoNuclideMetropolisResults.jpg, id=49, 220.6644pt x 51.5526pt>
File: twoNuclideMetropolisResults.jpg Graphic file (type jpg)

<use twoNuclideMetropolisResults.jpg>
Overfull \hbox (17.62482pt too wide) in paragraph at lines 227--236
[]$[]$ 
 []

[8 <./metropolisBananaSmall.jpg>] <forward.jpg, id=53, 122.3772pt x 72.27pt>
File: forward.jpg Graphic file (type jpg)

<use forward.jpg>
Underfull \hbox (badness 10000) in paragraph at lines 241--245

 []


Overfull \hbox (17.62482pt too wide) in paragraph at lines 237--246
[]$[]$ 
 []

<converterElev.jpg, id=54, 141.1674pt x 80.9424pt>
File: converterElev.jpg Graphic file (type jpg)
 <use converterElev.jpg>
<converterLat.jpg, id=55, 150.0807pt x 100.4553pt>
File: converterLat.jpg Graphic file (type jpg)
 <use converterLat.jpg>
Underfull \hbox (badness 10000) in paragraph at lines 252--260

 []


Overfull \hbox (17.62482pt too wide) in paragraph at lines 247--261
[]$[]$ 
 []

[9 <./twoNuclideNewtonResults.jpg> <./twoNuclideMetropolisResults.jpg> <./forwa
rd.jpg>] <settingsCalSites.jpg, id=59, 174.6525pt x 110.814pt>
File: settingsCalSites.jpg Graphic file (type jpg)

<use settingsCalSites.jpg>
Underfull \hbox (badness 10000) in paragraph at lines 266--275

 []


Overfull \hbox (17.62482pt too wide) in paragraph at lines 262--276
[]$[]$ 
 []

<settingsProdMech.jpg, id=60, 174.6525pt x 109.8504pt>
File: settingsProdMech.jpg Graphic file (type jpg)

<use settingsProdMech.jpg>
Underfull \hbox (badness 10000) in paragraph at lines 281--292

 []


Overfull \hbox (17.62482pt too wide) in paragraph at lines 277--293
[]$[]$ 
 []

[10 <./converterElev.jpg> <./converterLat.jpg> <./settingsCalSites.jpg>]
<settingsMisc.jpg, id=65, 174.6525pt x 109.8504pt>
File: settingsMisc.jpg Graphic file (type jpg)
 <use settingsMisc.jpg>
Underfull \hbox (badness 10000) in paragraph at lines 298--301

 []


Overfull \hbox (17.62482pt too wide) in paragraph at lines 294--302
[]$[]$ 
 []

[11 <./settingsProdMech.jpg> <./settingsMisc.jpg>] [12] (./manual.aux) ) 
Here is how much of TeX's memory you used:
 2260 strings out of 495061
 30033 string characters out of 1182621
 85577 words of memory out of 3000000
 5413 multiletter control sequences out of 15000+50000
 10004 words of font info for 37 fonts, out of 3000000 for 9000
 28 hyphenation exceptions out of 8191
 27i,12n,20p,242b,272s stack positions out of 5000i,500n,10000p,200000b,50000s
</usr/s
hare/texmf-texlive/fonts/type1/public/amsfonts/cm/cmbx12.pfb></usr/share/texmf-
texlive/fonts/type1/public/amsfonts/cm/cmex10.pfb></usr/share/texmf-texlive/fon
ts/type1/public/amsfonts/cm/cmmi12.pfb></usr/share/texmf-texlive/fonts/type1/pu
blic/amsfonts/cm/cmmi6.pfb></usr/share/texmf-texlive/fonts/type1/public/amsfont
s/cm/cmmi8.pfb></usr/share/texmf-texlive/fonts/type1/public/amsfonts/cm/cmr12.p
fb></usr/share/texmf-texlive/fonts/type1/public/amsfonts/cm/cmr17.pfb></usr/sha
re/texmf-texlive/fonts/type1/public/amsfonts/cm/cmr6.pfb></usr/share/texmf-texl
ive/fonts/type1/public/amsfonts/cm/cmr8.pfb></usr/share/texmf-texlive/fonts/typ
e1/public/amsfonts/cm/cmsy10.pfb></usr/share/texmf-texlive/fonts/type1/public/a
msfonts/cm/cmsy8.pfb></usr/share/texmf-texlive/fonts/type1/public/amsfonts/cm/c
mti12.pfb></usr/share/texmf-texlive/fonts/type1/public/amsfonts/cm/cmtt12.pfb>
Output written on manual.pdf (12 pages, 971644 bytes).
PDF statistics:
 114 PDF objects out of 1000 (max. 8388607)
 0 named destinations out of 1000 (max. 500000)
 106 words of extra memory for PDF output out of 10000 (max. 10000000)

