This is pdfTeX, Version 3.14159265-2.6-1.40.20 (TeX Live 2019/Debian) (preloaded format=latex 2021.6.4)  2 AUG 2022 14:29
entering extended mode
 restricted \write18 enabled.
 %&-line parsing enabled.
**\makeatletter\def\HCode{\futurelet\HCode\HChar}\def\HChar{\ifx"\HCode\def\HCo
de"##1"{\Link##1}\expandafter\HCode\else\expandafter\Link\fi}\def\Link#1.a.b.c.
{\g@addto@macro\@documentclasshook{\RequirePackage[#1,html]{tex4ht}}\let\HCode\
documentstyle\def\documentstyle{\let\documentstyle\HCode\expandafter\def\csname
 tex4ht\endcsname{#1,html}\def\HCode####1{\documentstyle[tex4ht,}\@ifnextchar[{
\HCode}{\documentstyle[tex4ht]}}}\makeatother\HCode .a.b.c.\input  index
 (./index.tex
(/usr/share/texlive/texmf-dist/tex/latex/base/article.cls
Document Class: article 2019/12/20 v1.4l Standard LaTeX document class
(/usr/share/texlive/texmf-dist/tex/latex/base/size10.clo
File: size10.clo 2019/12/20 v1.4l Standard LaTeX file (size option)
)
\c@part=\count167
\c@section=\count168
\c@subsection=\count169
\c@subsubsection=\count170
\c@paragraph=\count171
\c@subparagraph=\count172
\c@figure=\count173
\c@table=\count174
\abovecaptionskip=\skip47
\belowcaptionskip=\skip48
\bibindent=\dimen134
)
(/usr/share/texlive/texmf-dist/tex/generic/tex4ht/tex4ht.sty
version 2019-03-18-15:24
Package: tex4ht 
--------------------------------------
--- Note --- for _ at preamble, use the command line option `early_'
--------------------------------------
--------------------------------------
--- Note --- for ^ at preamble, use the command line option `early^'
--------------------------------------
\tmp:toks=\toks14
)
(/usr/share/texlive/texmf-dist/tex/generic/tex4ht/usepackage.4ht
version 2019-12-19-14:27
)
(/usr/share/texlive/texmf-dist/tex/latex/upquote/upquote.sty
Package: upquote 2012/04/19 v1.3 upright-quote and grave-accent glyphs in verba
tim
)
(/usr/share/texlive/texmf-dist/tex/latex/natbib/natbib.sty
Package: natbib 2010/09/13 8.31b (PWD, AO)
\bibhang=\skip49
\bibsep=\skip50
LaTeX Info: Redefining \cite on input line 694.
\c@NAT@ctr=\count175
)
(/usr/share/texlive/texmf-dist/tex/latex/graphics/graphicx.sty
Package: graphicx 2019/11/30 v1.2a Enhanced LaTeX Graphics (DPC,SPQR)

(/usr/share/texlive/texmf-dist/tex/latex/graphics/keyval.sty
Package: keyval 2014/10/28 v1.15 key=value parser (DPC)
\KV@toks@=\toks15
)
(/usr/share/texlive/texmf-dist/tex/generic/tex4ht/usepackage.4ht
version 2019-12-19-14:27
)
(/usr/share/texlive/texmf-dist/tex/latex/graphics/graphics.sty
Package: graphics 2019/11/30 v1.4a Standard LaTeX Graphics (DPC,SPQR)

(/usr/share/texlive/texmf-dist/tex/latex/graphics/trig.sty
Package: trig 2016/01/03 v1.10 sin cos tan (DPC)
)
(/usr/share/texlive/texmf-dist/tex/latex/graphics-cfg/graphics.cfg
File: graphics.cfg 2016/06/04 v1.11 sample graphics configuration
)
Package graphics Info: Driver file: dvips.def on input line 105.

(/usr/share/texlive/texmf-dist/tex/latex/graphics-def/dvips.def
File: dvips.def 2017/06/20 v3.1d Graphics/color driver for dvips
))
\Gin@req@height=\dimen135
\Gin@req@width=\dimen136
)
(/usr/share/texlive/texmf-dist/tex/latex/amsmath/amsmath.sty
Package: amsmath 2020/01/20 v2.17e AMS math features
\@mathmargin=\skip51

For additional information on amsmath, use the `?' option.
(/usr/share/texlive/texmf-dist/tex/latex/amsmath/amstext.sty
Package: amstext 2000/06/29 v2.01 AMS text

(/usr/share/texlive/texmf-dist/tex/latex/amsmath/amsgen.sty
File: amsgen.sty 1999/11/30 v2.0 generic functions
\@emptytoks=\toks16
\ex@=\dimen137
))
(/usr/share/texlive/texmf-dist/tex/latex/amsmath/amsbsy.sty
Package: amsbsy 1999/11/29 v1.2d Bold Symbols
\pmbraise@=\dimen138
)
(/usr/share/texlive/texmf-dist/tex/latex/amsmath/amsopn.sty
Package: amsopn 2016/03/08 v2.02 operator names
)
\inf@bad=\count176
LaTeX Info: Redefining \frac on input line 227.
\uproot@=\count177
\leftroot@=\count178
LaTeX Info: Redefining \overline on input line 389.
\classnum@=\count179
\DOTSCASE@=\count180
LaTeX Info: Redefining \ldots on input line 486.
LaTeX Info: Redefining \dots on input line 489.
LaTeX Info: Redefining \cdots on input line 610.
\Mathstrutbox@=\box45
\strutbox@=\box46
\big@size=\dimen139
LaTeX Font Info:    Redeclaring font encoding OML on input line 733.
LaTeX Font Info:    Redeclaring font encoding OMS on input line 734.
\macc@depth=\count181
\c@MaxMatrixCols=\count182
\dotsspace@=\muskip16
\c@parentequation=\count183
\dspbrk@lvl=\count184
\tag@help=\toks17
\row@=\count185
\column@=\count186
\maxfields@=\count187
\andhelp@=\toks18
\eqnshift@=\dimen140
\alignsep@=\dimen141
\tagshift@=\dimen142
\tagwidth@=\dimen143
\totwidth@=\dimen144
\lineht@=\dimen145
\@envbody=\toks19
\multlinegap=\skip52
\multlinetaggap=\skip53
\mathdisplay@stack=\toks20
LaTeX Info: Redefining \[ on input line 2859.
LaTeX Info: Redefining \] on input line 2860.
)
(/usr/share/texlive/texmf-dist/tex/generic/tex4ht/tex4ht.4ht
version 2018-12-30-09:29
--------------------------------------
--- Note --- for additional information, use the command line option `info'
--------------------------------------

::::::::::::::::::::::::::::::::::::::::::
 TeX4ht info is available in the log file 
::::::::::::::::::::::::::::::::::::::::::
) (/usr/share/texlive/texmf-dist/tex/generic/tex4ht/tex4ht.sty
version 2019-03-18-15:24

--- needs --- tex4ht index ---
\tmp:cnt=\count188
\openout15 = `index.tmp'.

(./index.tmp)
\tmp:dim=\skip54
--------------------------------------
--- Note --- for XML code, use the command line option `xml' or `xhtml'
--------------------------------------
 (./index.xref)
\:refout=\write3
\openout3 = `index.xref'.


(/usr/share/texlive/texmf-dist/tex/generic/tex4ht/html4.4ht
version 2020-02-14-14:21
--------------------------------------
--- Note --- to remove the <?xml version=...?> processing instruction use the c
ommand line option `no-VERSION'
--------------------------------------
--------------------------------------
--- Note --- to remove the DOCTYPE declaration use the command line option `no-
DOCTYPE'
--------------------------------------
)
(/usr/share/texlive/texmf-dist/tex/generic/tex4ht/html4-math.4ht
version 2019-12-16-15:21
)
--------------------------------------
--- Note --- for marking of the base font, use the command line option `fonts+'

--------------------------------------
--------------------------------------
--- Note --- for non active _, use the command line option `no_'
--------------------------------------
--------------------------------------
--- Note --- for _ of catcode 13, use the command line option `_13'
--------------------------------------
--------------------------------------
--- Note --- for non active ^, use the command line option `no^'
--------------------------------------
--------------------------------------
--- Note --- for ^ of catcode 13, use the command line option `^13'
--------------------------------------

(/usr/share/texlive/texmf-dist/tex/generic/tex4ht/html4.4ht
version 2020-02-14-14:21
--------------------------------------
--- Note --- for alternative charset, use the command line option `charset=...'

--------------------------------------
--------------------------------------
--- Note --- to ignore CSS font decoration, use the `NoFonts' command line opti
on
--------------------------------------
--------------------------------------
--- Note --- for jpg bitmaps of pictures, use the `jpg' command line option. (C
haracter bitmaps are controled only by `g' records of tex4ht.env and `-g' switc
hes of tex4ht.c) 
--------------------------------------
--------------------------------------
--- Note --- for gif bitmaps of pictures, use the `gif' command line option. (C
haracter bitmaps are controled only by `g' records of tex4ht.env and `-g' switc
hes of tex4ht.c) 
--------------------------------------
--------------------------------------
--- Note --- for content and toc in 2 frames, use the command line option `fram
es'
--------------------------------------
--------------------------------------
--- Note --- for content, toc, and footnotes in 3 frames, use the command line 
option `frames-fn'
--------------------------------------
--------------------------------------
--- Note --- for file extension name xht, use the command line option `xht'
--------------------------------------
TeX4ht package options: html
--------------------------------------
--- Note --- To print a timestamp, use the command line option timestamp
--------------------------------------
--------------------------------------
--- Note --- to ignore CSS code, use the command line option `-css
--------------------------------------
--------------------------------------
--- Note --- for inline CSS code, use the command line option `css-in'
--------------------------------------
--------------------------------------
--- Note --- for pop ups on mouse over, use the command line option `mouseover'

--------------------------------------
--------------------------------------
--- Note --- for addressing images in a subdirectory, use the command line opti
on `imgdir:.../'
--------------------------------------
)
(/usr/share/texlive/texmf-dist/tex/generic/tex4ht/html4-math.4ht
version 2019-12-16-15:21
)
\:tokwrite=\toks21
\:tokpage=\toks22
--------------------------------------
--- Note --- for back links to toc, use the command line option `sections+'
--------------------------------------
--------------------------------------
--- Note --- for linear crosslinks of pages, use the command line option `next'

--------------------------------------
\openout15 = `index.4ct'.

\:tocout=\write4
\openout4 = `index.4tc'.


(/usr/share/texlive/texmf-dist/tex/generic/tex4ht/html4.4ht
version 2020-02-14-14:21
)
(/usr/share/texlive/texmf-dist/tex/generic/tex4ht/html4-math.4ht
version 2019-12-16-15:21
)
(/usr/share/texlive/texmf-dist/tex/generic/tex4ht/latex.4ht
version 2019-08-26-14:22
LaTeX Info: Redefining \_ on input line 168.
--------------------------------------
--- Note --- for links into captions, instead of float heads, use the command l
ine option `refcaption'
--------------------------------------

(/usr/share/texlive/texmf-dist/tex/generic/tex4ht/html4.4ht
version 2020-02-14-14:21
)
(/usr/share/texlive/texmf-dist/tex/generic/tex4ht/html4-math.4ht
version 2019-12-16-15:21
)
(/usr/share/texlive/texmf-dist/tex/generic/tex4ht/html4.4ht
version 2020-02-14-14:21
--------------------------------------
--- Note --- For mini tocs immediately aftter the header use the command line o
ption `minitoc<'
--------------------------------------
--------------------------------------
--- Note --- for enumerated list elements with valued data, use the command lin
e option `enumerate+'
--------------------------------------
--------------------------------------
--- Note --- for enumerated list elements li's with value attributes, use the c
ommand line option `enumerate-'
--------------------------------------
--------------------------------------
--- Note --- for CSS2 code, use the command line option `css2'
--------------------------------------
--------------------------------------
--- Note --- for pictorial tabular, use the command line option `pic-tabular'
--------------------------------------
--------------------------------------
--- Note --- for bitmap fbox'es, use the command line option `pic-fbox'
--------------------------------------
--------------------------------------
--- Note --- for bitmap framebox'es, use the command line option `pic-framebox'

--------------------------------------
--------------------------------------
--- Note --- for inline footnotes use command line option `fn-in'
--------------------------------------
--------------------------------------
--- Note --- for tracing of latex font commands, use the command line option `f
onts'
--------------------------------------
--------------------------------------
--- Note --- for width specifications of tabular p entries, use the `p-width' c
ommand line option or a configuration similar to \Configure{HColWidth}{\HCode{ 
style="width:\HColWidth"}}
--------------------------------------
)
(/usr/share/texlive/texmf-dist/tex/generic/tex4ht/html4-math.4ht
version 2019-12-16-15:21
--------------------------------------
--- Note --- for pictorial eqnarray, use the command line option `pic-eqnarray'

--------------------------------------
--------------------------------------
--- Note --- for pictorial array, use the command line option `pic-array'
--------------------------------------
--------------------------------------
--- Note --- for pictorial $...$ environments, use the command line option `pic
-m' (not recommended!!)
--------------------------------------
--------------------------------------
--- Note --- for pictorial $...$ and $$...$$ environments with latex alt, use t
he command line option `pic-m+' (not safe!!)
--------------------------------------
--------------------------------------
--- Note --- for pictorial array, use the command line option `pic-array'
--------------------------------------
))
(/usr/share/texlive/texmf-dist/tex/generic/tex4ht/fontmath.4ht
version 2018-11-06-15:55

(/usr/share/texlive/texmf-dist/tex/generic/tex4ht/html4.4ht
version 2020-02-14-14:21
)
(/usr/share/texlive/texmf-dist/tex/generic/tex4ht/html4-math.4ht
version 2019-12-16-15:21
))
(/usr/share/texlive/texmf-dist/tex/generic/tex4ht/article.4ht
(/usr/share/texlive/texmf-dist/tex/generic/tex4ht/html4.4ht
version 2020-02-14-14:21
--------------------------------------
--- Note --- for automatic sectioning pagination, use the command line option `
1', `2', `3', '4', '5', '6', or '7'
--------------------------------------
--------------------------------------
--- Note --- for files named derived from section titles, use the command line 
option `sec-filename'
--------------------------------------
--------------------------------------
--- Note --- for i-columns index, use the command line option `index=i' (e.g., 
index=2)
--------------------------------------
)
(/usr/share/texlive/texmf-dist/tex/generic/tex4ht/html4-math.4ht
version 2019-12-16-15:21
))
(/usr/share/texlive/texmf-dist/tex/generic/tex4ht/natbib.4ht
(/usr/share/texlive/texmf-dist/tex/generic/tex4ht/html4.4ht
version 2020-02-14-14:21
)
(/usr/share/texlive/texmf-dist/tex/generic/tex4ht/html4-math.4ht
version 2019-12-16-15:21
))
(/usr/share/texlive/texmf-dist/tex/generic/tex4ht/graphicx.4ht
version 2018-10-01-14:24

(/usr/share/texlive/texmf-dist/tex/generic/tex4ht/html4.4ht
version 2020-02-14-14:21
)
(/usr/share/texlive/texmf-dist/tex/generic/tex4ht/html4-math.4ht
version 2019-12-16-15:21
))
(/usr/share/texlive/texmf-dist/tex/generic/tex4ht/graphics.4ht
(/usr/share/texlive/texmf-dist/tex/generic/tex4ht/html4.4ht
version 2020-02-14-14:21
--------------------------------------
--- Note --- if included graphics are of degraded quality, try the command line
 options `graphics-num' or `graphics-'. The `num' should provide the density of
 pixels in the bitmaps (e.g., 110). 
--------------------------------------
--------------------------------------
--- Note --- for key dimensions try the option `Gin-dim'; for key dimensions wh
en bounding box is unavailable try `Gin-dim+'; neither is recommended
--------------------------------------
)
(/usr/share/texlive/texmf-dist/tex/generic/tex4ht/html4-math.4ht
version 2019-12-16-15:21
))
(/usr/share/texlive/texmf-dist/tex/generic/tex4ht/dvips.4ht
version 2009-05-21-09:32

(/usr/share/texlive/texmf-dist/tex/generic/tex4ht/html4.4ht
version 2020-02-14-14:21
)
(/usr/share/texlive/texmf-dist/tex/generic/tex4ht/html4-math.4ht
version 2019-12-16-15:21
))
(/usr/share/texlive/texmf-dist/tex/generic/tex4ht/amsmath.4ht
version 2019-12-29-14:17
\tmp:muskip=\muskip17

(/usr/share/texlive/texmf-dist/tex/generic/tex4ht/html4.4ht
version 2020-02-14-14:21
)
(/usr/share/texlive/texmf-dist/tex/generic/tex4ht/html4-math.4ht
version 2019-12-16-15:21
))
(/usr/share/texlive/texmf-dist/tex/generic/tex4ht/amstext.4ht
version 2009-05-21-09:32

(/usr/share/texlive/texmf-dist/tex/generic/tex4ht/html4.4ht
version 2020-02-14-14:21
)
(/usr/share/texlive/texmf-dist/tex/generic/tex4ht/html4-math.4ht
version 2019-12-16-15:21
))
(/usr/share/texlive/texmf-dist/tex/generic/tex4ht/amsbsy.4ht
version 2009-05-21-09:32

(/usr/share/texlive/texmf-dist/tex/generic/tex4ht/html4.4ht
version 2020-02-14-14:21
)
(/usr/share/texlive/texmf-dist/tex/generic/tex4ht/html4-math.4ht
version 2019-12-16-15:21
))
(/usr/share/texlive/texmf-dist/tex/generic/tex4ht/amsopn.4ht
version 2009-05-21-09:32

(/usr/share/texlive/texmf-dist/tex/generic/tex4ht/html4.4ht
version 2020-02-14-14:21
)
(/usr/share/texlive/texmf-dist/tex/generic/tex4ht/html4-math.4ht
version 2019-12-16-15:21
))
(/usr/share/texlive/texmf-dist/tex/generic/tex4ht/html4.4ht
version 2020-02-14-14:21
)
(/usr/share/texlive/texmf-dist/tex/generic/tex4ht/html4-math.4ht
version 2019-12-16-15:21
))
(/usr/share/texlive/texmf-dist/tex/latex/l3backend/l3backend-dvips.def
File: l3backend-dvips.def 2020-02-03 L3 backend support: dvips
\l__pdf_internal_box=\box47
\g__pdf_backend_object_int=\count189
\l__pdf_backend_content_box=\box48
\l__pdf_backend_model_box=\box49
\g__pdf_backend_annotation_int=\count190
\g__pdf_backend_link_int=\count191
\g__pdf_backend_link_sf_int=\count192
)
(./index.aux)
\openout1 = `index.aux'.

LaTeX Font Info:    Checking defaults for OML/cmm/m/it on input line 5.
LaTeX Font Info:    ... okay on input line 5.
LaTeX Font Info:    Checking defaults for OMS/cmsy/m/n on input line 5.
LaTeX Font Info:    ... okay on input line 5.
LaTeX Font Info:    Checking defaults for OT1/cmr/m/n on input line 5.
LaTeX Font Info:    ... okay on input line 5.
LaTeX Font Info:    Checking defaults for T1/cmr/m/n on input line 5.
LaTeX Font Info:    ... okay on input line 5.
LaTeX Font Info:    Checking defaults for TS1/cmr/m/n on input line 5.
LaTeX Font Info:    ... okay on input line 5.
LaTeX Font Info:    Checking defaults for OMX/cmex/m/n on input line 5.
LaTeX Font Info:    ... okay on input line 5.
LaTeX Font Info:    Checking defaults for U/cmr/m/n on input line 5.
LaTeX Font Info:    ... okay on input line 5.
--- file index.css ---
 [1

] [2] [3] [4]
l. 135 Writing index.idv[1] (index0x.png)
 [5] [6] [7

] [8

]
l. 194 Writing index.idv[2] (index1x.png)
l. 195 Writing index.idv[3] (index2x.png)
l. 197 Writing index.idv[4] (index3x.png)
l. 198 Writing index.idv[5] (index4x.png)
 [9

]
l. 204 Writing index.idv[6] (index5x.png)
l. 205 Writing index.idv[7] (index6x.png)
l. 206 Writing index.idv[8] (index7x.png)
l. 235 Writing index.idv[9] (index8x.png)
l. 236 Writing index.idv[10] (index9x.png)
 [10]
l. 262 Writing index.idv[11] (index10x.png)
 [11]
l. 307 Writing index.idv[12] (index11x.png)
--- file index2.html ---
l. 330 Writing index.idv[13] (index12x.png)
l. 342 Writing index.idv[14] (index13x.png)
 [12

] [13] [14

]
l.354 --- TeX4ht warning --- File `"fig01.xbb"' not found ---
l.354 --- TeX4ht warning --- Cannot determine size of graphic in "fig01.xbb" (n
o BoundingBox) ---
l. 354 --- needs --- fig01-.png ---
[15

]
l. 403 Writing index.idv[15] (index14x.png)
 [16

]
l. 412 Writing index.idv[16] (index15x.png)
l. 425 Writing index.idv[17] (index16x.png)
l. 427 Writing index.idv[18] (index17x.png)
l. 435 Writing index.idv[19] (index18x.png)
l. 437 Writing index.idv[20] (index19x.png)
l. 445 Writing index.idv[21] (index20x.png)
l. 446 Writing index.idv[22] (index21x.png)
l. 447 Writing index.idv[23] (index22x.png)
 [17]
l. 458 Writing index.idv[24] (index23x.png)
l. 459 Writing index.idv[25] (index24x.png)
 [18] [19

]
l.506 --- TeX4ht warning --- File `"fig02b.xbb"' not found ---
l.506 --- TeX4ht warning --- Cannot determine size of graphic in "fig02b.xbb" (
no BoundingBox) ---
l. 506 --- needs --- fig02b-.png ---
[20

]
l. 549 Writing index.idv[26] (index25x.png)
 [21

]
! Undefined control sequence.
<recently read> \mathbb 
                        
l.606   monitored masses $\mathbb
                                 {x}$) and the normalised background signal,
? 
l. 608 Writing index.idv[27] (index26x.png)
! Undefined control sequence.
l.609     \phi_b + \sum_{{x}\in\mathbb
                                      {x}}\phi_{x} =1
? 
[22]
l. 614 Writing index.idv[28] (index27x.png)

! Undefined control sequence.
<argument> \phi _bd_b + \sum _{y\in \mathbb 
                                            {x}}\phi _{y}d_y
l.616 ..._bd_b + \sum_{y\in\mathbb{x}}\phi_{y}d_y}
                                                  
? 
l. 620 Writing index.idv[29] (index28x.png)
! Undefined control sequence.
l.621   \theta_b + \sum_{x\in\mathbb
                                    {x}}\theta_{x} =1
? 
[23]
l. 627 Writing index.idv[30] (index29x.png)
l. 647 Writing index.idv[31] (index30x.png)
l. 647 Writing index.idv[32] (index31x.png)
l. 647 Writing index.idv[33] (index32x.png)
l. 647 Writing index.idv[34] (index33x.png)
l. 660 Writing index.idv[35] (index34x.png)
 [24]
l. 678 Writing index.idv[36] (index35x.png)
l. 685 Writing index.idv[37] (index36x.png)

! Undefined control sequence.
<argument> \phi _bd'_b + \sum _{y\in \mathbb 
                                             {x}}\phi _{y}d'_y
l.687 ...d'_b + \sum_{y\in\mathbb{x}}\phi_{y}d'_y}
                                                  
? 
[25]
l. 692 Writing index.idv[38] (index37x.png)

! Undefined control sequence.
<argument> \theta _b/d'_b + \sum _{y\in \mathbb 
                                                {x}}\theta '_{y}/d_y
l.694 ...b + \sum_{y\in\mathbb{x}}\theta'_{y}/d_y}
                                                  
? 
--- file index3.html ---
[26

]
l. 722 Writing index.idv[39] (index38x.png)
l. 738 Writing index.idv[40] (index39x.png)
l. 747 Writing index.idv[41] (index40x.png)
 [27] [28]
l. 816 Writing index.idv[42] (index41x.png)
l. 832 Writing index.idv[43] (index42x.png)
 [29]
l. 849 Writing index.idv[44] (index43x.png)
 [30]
l. 862 Writing index.idv[45] (index44x.png)
l. 880 Writing index.idv[46] (index45x.png)
l. 883 Writing index.idv[47] (index46x.png)
l. 894 Writing index.idv[48] (index47x.png)
 [31] [32] [33

]
l.936 --- TeX4ht warning --- File `"fig03.xbb"' not found ---
l.936 --- TeX4ht warning --- Cannot determine size of graphic in "fig03.xbb" (n
o BoundingBox) ---
l. 936 --- needs --- fig03-.png ---
[34

] [35

] [36

]
l.982 --- TeX4ht warning --- File `"fig04.xbb"' not found ---
l.982 --- TeX4ht warning --- Cannot determine size of graphic in "fig04.xbb" (n
o BoundingBox) ---
l. 982 --- needs --- fig04-.png ---
[37

] [38

] [39

]
l.1025 --- TeX4ht warning --- File `"fig05.xbb"' not found ---
l.1025 --- TeX4ht warning --- Cannot determine size of graphic in "fig05.xbb" (
no BoundingBox) ---
l. 1025 --- needs --- fig05-.png ---
[40

] [41

] [42

]
l.1064 --- TeX4ht warning --- File `"fig06.xbb"' not found ---
l.1064 --- TeX4ht warning --- Cannot determine size of graphic in "fig06.xbb" (
no BoundingBox) ---
l. 1064 --- needs --- fig06-.png ---
[43

] [44

] [45

]
l.1091 --- TeX4ht warning --- File `"fig07.xbb"' not found ---
l.1091 --- TeX4ht warning --- Cannot determine size of graphic in "fig07.xbb" (
no BoundingBox) ---
l. 1091 --- needs --- fig07-.png ---
[46

] [47

] [48

]
l.1107 --- TeX4ht warning --- File `"fig08.xbb"' not found ---
l.1107 --- TeX4ht warning --- Cannot determine size of graphic in "fig08.xbb" (
no BoundingBox) ---
l. 1107 --- needs --- fig08-.png ---
[49

] [50

] [51

] [52

]
! Undefined control sequence.
l.1185 \url
           {https://isoplotr.es.ucl.ac.uk/simplex/}. It contains three example
? 
! Undefined control sequence.
l.1197 system (see \url
                       {https://r-project.org/} for details). Within
? 
[53

] [54] [55] [56] [57]
l. 1292 Writing index.idv[49] (index48x.png)
l. 1295 Writing index.idv[50] (index49x.png)
l. 1301 Writing index.idv[51] (index50x.png)

! Undefined control sequence.
l.1302 ...ft(\alpha_{\{x\}},\gamma_{Pb}|n_{\mathbb
                                                  {x}}^i\right) =
? 
[58]
l. 1328 Writing index.idv[52] (index51x.png)
l. 1337 Writing index.idv[53] (index52x.png)
 [59]
l. 1344 Writing index.idv[54] (index53x.png)
l. 1351 Writing index.idv[55] (index54x.png)

! Undefined control sequence.
l.1352 ...6}^{\{x\}},\gamma_{6}^{\{x\}}|n_{\mathbb
                                                  {x}}^i\right)
? 
[60]
l. 1360 Writing index.idv[56] (index55x.png)
l. 1372 Writing index.idv[57] (index56x.png)
l. 1387 Writing index.idv[58] (index57x.png)
 [61]
l. 1399 Writing index.idv[59] (index58x.png)
 (./index.bbl [62] [63] [64] [65] [66]) [67] (./index.aux) ) 
Here is how much of TeX's memory you used:
 6192 strings out of 481240
 75132 string characters out of 5920404
 443877 words of memory out of 5000000
 21345 multiletter control sequences out of 15000+600000
 539904 words of font info for 52 fonts, out of 8000000 for 9000
 1141 hyphenation exceptions out of 8191
 33i,11n,31p,1924b,566s stack positions out of 5000i,500n,10000p,200000b,80000s

Output written on index.dvi (67 pages, 216492 bytes).
