This is pdfeTeX, Version 3.141592-1.21a-2.2 (Web2C 7.5.4) (format=pdflatex 2007.10.8)  19 JUN 2009 07:21
entering extended mode
**EosPaperRev.tex
(./EosPaperRev.tex
LaTeX2e <2003/12/01>
Babel <v3.8d> and hyphenation patterns for american, french, german, ngerman, b
ahasa, basque, bulgarian, catalan, croatian, czech, danish, dutch, esperanto, e
stonian, finnish, greek, icelandic, irish, italian, latin, magyar, norsk, polis
h, portuges, romanian, russian, serbian, slovak, slovene, spanish, swedish, tur
kish, ukrainian, nohyphenation, loaded.
(/usr/pkg/share/texmf-dist/tex/latex/base/article.cls
Document Class: article 2004/02/16 v1.4f Standard LaTeX document class
(/usr/pkg/share/texmf-dist/tex/latex/base/size10.clo
File: size10.clo 2004/02/16 v1.4f Standard LaTeX file (size option)
)
\c@part=\count79
\c@section=\count80
\c@subsection=\count81
\c@subsubsection=\count82
\c@paragraph=\count83
\c@subparagraph=\count84
\c@figure=\count85
\c@table=\count86
\abovecaptionskip=\skip41
\belowcaptionskip=\skip42
\bibindent=\dimen102
)
(/usr/pkg/share/texmf-dist/tex/latex/natbib/natbib.sty
Package: natbib 2003/06/06 7.1 (PWD)
\bibhang=\skip43
\bibsep=\skip44
LaTeX Info: Redefining \cite on input line 518.
\c@NAT@ctr=\count87
)
(/usr/pkg/share/texmf-dist/tex/latex/graphics/graphicx.sty
Package: graphicx 1999/02/16 v1.0f Enhanced LaTeX Graphics (DPC,SPQR)

(/usr/pkg/share/texmf-dist/tex/latex/graphics/keyval.sty
Package: keyval 1999/03/16 v1.13 key=value parser (DPC)
\KV@toks@=\toks14
)
(/usr/pkg/share/texmf-dist/tex/latex/graphics/graphics.sty
Package: graphics 2001/07/07 v1.0n Standard LaTeX Graphics (DPC,SPQR)

(/usr/pkg/share/texmf-dist/tex/latex/graphics/trig.sty
Package: trig 1999/03/16 v1.09 sin cos tan (DPC)
)
(/usr/pkg/share/texmf-dist/tex/latex/graphics/graphics.cfg
File: graphics.cfg 2005/02/03 v1.3 graphics configuration of teTeX/TeXLive
)
Package graphics Info: Driver file: pdftex.def on input line 80.

(/usr/pkg/share/texmf-dist/tex/latex/graphics/pdftex.def
File: pdftex.def 2002/06/19 v0.03k graphics/color for pdftex
\Gread@gobject=\count88
))
\Gin@req@height=\dimen103
\Gin@req@width=\dimen104
)
(/usr/pkg/share/texmf-dist/tex/latex/lineno/lineno.sty
Package: lineno 2005/01/10 line numbers on paragraphs v4.1c
\linenopenalty=\count89
\output=\toks15
\linenoprevgraf=\count90
\linenumbersep=\dimen105
\linenumberwidth=\dimen106
\c@linenumber=\count91
\c@pagewiselinenumber=\count92
\n@LN@truepage=\count93
\c@linenumbermodulo=\count94
\c@internallinenumber=\count95
\c@internallinenumbers=\count96
\quotelinenumbersep=\dimen107
\bframerule=\dimen108
\bframesep=\dimen109
\bframebox=\box26
LaTeX Info: Redefining \\ on input line 2405.
)
(/usr/pkg/share/texmf-dist/tex/latex/preprint/fullpage.sty
Package: fullpage 1999/02/23 1.1 (PWD)
\FP@margin=\skip45
) (./EosPaperRev.aux)
\openout1 = `EosPaperRev.aux'.

LaTeX Font Info:    Checking defaults for OML/cmm/m/it on input line 7.
LaTeX Font Info:    ... okay on input line 7.
LaTeX Font Info:    Checking defaults for T1/cmr/m/n on input line 7.
LaTeX Font Info:    ... okay on input line 7.
LaTeX Font Info:    Checking defaults for OT1/cmr/m/n on input line 7.
LaTeX Font Info:    ... okay on input line 7.
LaTeX Font Info:    Checking defaults for OMS/cmsy/m/n on input line 7.
LaTeX Font Info:    ... okay on input line 7.
LaTeX Font Info:    Checking defaults for OMX/cmex/m/n on input line 7.
LaTeX Font Info:    ... okay on input line 7.
LaTeX Font Info:    Checking defaults for U/cmr/m/n on input line 7.
LaTeX Font Info:    ... okay on input line 7.
(/usr/pkg/share/texmf-dist/tex/context/base/supp-pdf.tex
(/usr/pkg/share/texmf-dist/tex/context/base/supp-mis.tex
loading : Context Support Macros / Miscellaneous (2004.10.26)
\protectiondepth=\count97
\scratchcounter=\count98
\scratchtoks=\toks16
\scratchdimen=\dimen110
\scratchskip=\skip46
\scratchmuskip=\muskip10
\scratchbox=\box27
\scratchread=\read1
\scratchwrite=\write3
\zeropoint=\dimen111
\onepoint=\dimen112
\onebasepoint=\dimen113
\minusone=\count99
\thousandpoint=\dimen114
\onerealpoint=\dimen115
\emptytoks=\toks17
\nextbox=\box28
\nextdepth=\dimen116
\everyline=\toks18
\!!counta=\count100
\!!countb=\count101
\recursecounter=\count102
)
loading : Context Support Macros / PDF (2004.03.26)
\nofMPsegments=\count103
\nofMParguments=\count104
\MPscratchCnt=\count105
\MPscratchDim=\dimen117
\MPnumerator=\count106
\everyMPtoPDFconversion=\toks19
)
LaTeX Font Info:    External font `cmex10' loaded for size
(Font)              <12> on input line 10.
LaTeX Font Info:    External font `cmex10' loaded for size
(Font)              <8> on input line 10.
LaTeX Font Info:    External font `cmex10' loaded for size
(Font)              <6> on input line 10.
LaTeX Font Info:    External font `cmex10' loaded for size
(Font)              <5> on input line 10.
LaTeX Font Info:    External font `cmex10' loaded for size
(Font)              <7> on input line 20.


LaTeX Warning: Command \o invalid in math mode on input line 20.


Underfull \hbox (badness 10000) in paragraph at lines 12--28

 []


Underfull \hbox (badness 10000) in paragraph at lines 29--46

 []

LaTeX Font Info:    Try loading font information for OMS+cmr on input line 54.
(/usr/pkg/share/texmf-dist/tex/latex/base/omscmr.fd
File: omscmr.fd 1999/05/25 v2.5h Standard LaTeX font definitions
)
LaTeX Font Info:    Font shape `OMS/cmr/m/n' in size <10> not available
(Font)              Font shape `OMS/cmsy/m/n' tried instead on input line 54.

Underfull \hbox (badness 10000) in paragraph at lines 47--69

 []

[1

{/usr/pkg/share/texmf-var/fonts/map/pdftex/updmap/pdftex.map}]

LaTeX Warning: Command \o invalid in math mode on input line 101.

[2] <histogram-1999-2009.pdf, id=53, 369.8858pt x 298.75383pt>
File: histogram-1999-2009.pdf Graphic file (type pdf)

<use histogram-1999-2009.pdf> [3

 <./histogram-1999-2009.pdf
Warning: pdflatex (file ./histogram-1999-2009.pdf): pdf inclusion: Page Group d
etected which pdfTeX can't handle. Ignoring it.
>] (./EosPaperRev.aux) ) 
Here is how much of TeX's memory you used:
 1381 strings out of 94500
 17390 string characters out of 1175299
 68173 words of memory out of 1000000
 4580 multiletter control sequences out of 10000+50000
 8094 words of font info for 29 fonts, out of 500000 for 2000
 580 hyphenation exceptions out of 1000
 29i,11n,26p,242b,292s stack positions out of 1500i,500n,5000p,200000b,5000s
PDF statistics:
 83 PDF objects out of 300000
 0 named destinations out of 131072
 6 words of extra memory for PDF output out of 65536
</usr/pkg/share/texmf-dist/fonts/type1/bluesky/cm/cmti1
0.pfb></usr/pkg/share/texmf-dist/fonts/type1/bluesky/cm/cmbx12.pfb></usr/pkg/sh
are/texmf-dist/fonts/type1/bluesky/cm/cmr8.pfb></usr/pkg/share/texmf-dist/fonts
/type1/bluesky/cm/cmsy6.pfb></usr/pkg/share/texmf-dist/fonts/type1/bluesky/cm/c
msy7.pfb></usr/pkg/share/texmf-dist/fonts/type1/bluesky/cm/cmex10.pfb></usr/pkg
/share/texmf-dist/fonts/type1/bluesky/cm/cmsy10.pfb></usr/pkg/share/texmf-dist/
fonts/type1/bluesky/cm/cmtt10.pfb></usr/pkg/share/texmf-dist/fonts/type1/bluesk
y/cm/cmmi7.pfb></usr/pkg/share/texmf-dist/fonts/type1/bluesky/cm/cmr7.pfb></usr
/pkg/share/texmf-dist/fonts/type1/bluesky/cm/cmr10.pfb></usr/pkg/share/texmf-di
st/fonts/type1/bluesky/cm/cmsy8.pfb></usr/pkg/share/texmf-dist/fonts/type1/blue
sky/cm/cmr12.pfb></usr/pkg/share/texmf-dist/fonts/type1/bluesky/cm/cmss8.pfb></
usr/pkg/share/texmf-dist/fonts/type1/bluesky/cm/cmr17.pfb>
Output written on EosPaperRev.pdf (3 pages, 239355 bytes).
