This is pdfTeX, Version 3.141592-1.40.4 (MiKTeX 2.6) (preloaded format=pdflatex 2008.2.2)  28 APR 2009 13:10
entering extended mode
**\nonstopmode\input{EosPaper.tex}
(EosPaper.tex ("C:\Program Files\MiKTeX 2.6\tex\latex\base\article.cls"
Document Class: article 2005/09/16 v1.4f Standard LaTeX document class
("C:\Program Files\MiKTeX 2.6\tex\latex\base\size10.clo"
File: size10.clo 2005/09/16 v1.4f Standard LaTeX file (size option)
)
\c@part=\count79
\c@section=\count80
\c@subsection=\count81
\c@subsubsection=\count82
\c@paragraph=\count83
\c@subparagraph=\count84
\c@figure=\count85
\c@table=\count86
\abovecaptionskip=\skip41
\belowcaptionskip=\skip42
\bibindent=\dimen102
)
("C:\Program Files\MiKTeX 2.6\tex\latex\natbib\natbib.sty"
Package: natbib 2007/10/30 8.1 (PWD)
\bibhang=\skip43
\bibsep=\skip44
LaTeX Info: Redefining \cite on input line 602.
\c@NAT@ctr=\count87
)
("C:\Program Files\MiKTeX 2.6\tex\latex\graphics\graphicx.sty"
Package: graphicx 1999/02/16 v1.0f Enhanced LaTeX Graphics (DPC,SPQR)

("C:\Program Files\MiKTeX 2.6\tex\latex\graphics\keyval.sty"
Package: keyval 1999/03/16 v1.13 key=value parser (DPC)
\KV@toks@=\toks14
)
("C:\Program Files\MiKTeX 2.6\tex\latex\graphics\graphics.sty"
Package: graphics 2006/02/20 v1.0o Standard LaTeX Graphics (DPC,SPQR)

("C:\Program Files\MiKTeX 2.6\tex\latex\graphics\trig.sty"
Package: trig 1999/03/16 v1.09 sin cos tan (DPC)
)
("C:\Program Files\MiKTeX 2.6\tex\latex\00miktex\graphics.cfg"
File: graphics.cfg 2007/01/18 v1.5 graphics configuration of teTeX/TeXLive
)
Package graphics Info: Driver file: pdftex.def on input line 90.

("C:\Program Files\MiKTeX 2.6\tex\latex\graphics\pdftex.def"
File: pdftex.def 2007/06/12 v0.04h Graphics/color for pdfTeX
\Gread@gobject=\count88
))
\Gin@req@height=\dimen103
\Gin@req@width=\dimen104
)
("C:\Program Files\MiKTeX 2.6\tex\latex\lineno\lineno.sty"
Package: lineno 2005/11/02 line numbers on paragraphs v4.41
\linenopenalty=\count89
\output=\toks15
\linenoprevgraf=\count90
\linenumbersep=\dimen105
\linenumberwidth=\dimen106
\c@linenumber=\count91
\c@pagewiselinenumber=\count92
\c@LN@truepage=\count93
\c@internallinenumber=\count94
\c@internallinenumbers=\count95
\quotelinenumbersep=\dimen107
\bframerule=\dimen108
\bframesep=\dimen109
\bframebox=\box26
LaTeX Info: Redefining \\ on input line 3056.
) (EosPaper.aux)
LaTeX Font Info:    Checking defaults for OML/cmm/m/it on input line 8.
LaTeX Font Info:    ... okay on input line 8.
LaTeX Font Info:    Checking defaults for T1/cmr/m/n on input line 8.
LaTeX Font Info:    ... okay on input line 8.
LaTeX Font Info:    Checking defaults for OT1/cmr/m/n on input line 8.
LaTeX Font Info:    ... okay on input line 8.
LaTeX Font Info:    Checking defaults for OMS/cmsy/m/n on input line 8.
LaTeX Font Info:    ... okay on input line 8.
LaTeX Font Info:    Checking defaults for OMX/cmex/m/n on input line 8.
LaTeX Font Info:    ... okay on input line 8.
LaTeX Font Info:    Checking defaults for U/cmr/m/n on input line 8.
LaTeX Font Info:    ... okay on input line 8.

("C:\Program Files\MiKTeX 2.6\tex\context\base\supp-pdf.tex"
[Loading MPS to PDF converter (version 2006.09.02).]
\scratchcounter=\count96
\scratchdimen=\dimen110
\scratchbox=\box27
\nofMPsegments=\count97
\nofMParguments=\count98
\MPscratchCnt=\count99
\MPscratchDim=\dimen111
\MPnumerator=\count100
\everyMPtoPDFconversion=\toks16
)
LaTeX Font Info:    External font `cmex10' loaded for size
(Font)              <12> on input line 10.
LaTeX Font Info:    External font `cmex10' loaded for size
(Font)              <8> on input line 10.
LaTeX Font Info:    External font `cmex10' loaded for size
(Font)              <6> on input line 10.
LaTeX Font Info:    External font `cmex10' loaded for size
(Font)              <5> on input line 10.

Underfull \hbox (badness 10000) in paragraph at lines 12--20

 []

LaTeX Font Info:    External font `cmex10' loaded for size
(Font)              <7> on input line 36.

LaTeX Warning: Command \o invalid in math mode on input line 36.


Underfull \hbox (badness 10000) in paragraph at lines 21--38

 []


Underfull \hbox (badness 10000) in paragraph at lines 39--52

 []


Underfull \hbox (badness 10000) in paragraph at lines 53--70

 []

[1

{psfonts.map}]
Underfull \hbox (badness 10000) in paragraph at lines 71--92

 []

(EosPaper.bbl [2]

LaTeX Warning: Command \o invalid in math mode on input line 26.

) [3] <histogram-1999-2009.pdf, id=27, 369.8858pt x 298.75383pt>
File: histogram-1999-2009.pdf Graphic file (type pdf)

<use histogram-1999-2009.pdf> [4

 <histogram-1999-2009.pdf

pdfTeX warning:  (file histogram-1999-2009.pdf): PDF inclusion: Page Group dete
cted which pdfTeX can't handle. Ignoring it.
>] (EosPaper.aux) ) 
Here is how much of TeX's memory you used:
 1407 strings out of 95295
 16738 string characters out of 1184860
 68680 words of memory out of 1067260
 4586 multiletter control sequences out of 60000
 8094 words of font info for 29 fonts, out of 1000000 for 2000
 14 hyphenation exceptions out of 8191
 30i,11n,26p,242b,292s stack positions out of 5000i,500n,10000p,200000b,32768s
<C:/Program Files/MiKTeX 2.6/fonts/type1/bluesky/cm/cmbx12.p
fb><C:/Program Files/MiKTeX 2.6/fonts/type1/bluesky/cm/cmex10.pfb><C:/Program F
iles/MiKTeX 2.6/fonts/type1/bluesky/cm/cmmi10.pfb><C:/Program Files/MiKTeX 2.6/
fonts/type1/bluesky/cm/cmmi7.pfb><C:/Program Files/MiKTeX 2.6/fonts/type1/blues
ky/cm/cmr10.pfb><C:/Program Files/MiKTeX 2.6/fonts/type1/bluesky/cm/cmr12.pfb><
C:/Program Files/MiKTeX 2.6/fonts/type1/bluesky/cm/cmr17.pfb><C:/Program Files/
MiKTeX 2.6/fonts/type1/bluesky/cm/cmr7.pfb><C:/Program Files/MiKTeX 2.6/fonts/t
ype1/bluesky/cm/cmr8.pfb><C:/Program Files/MiKTeX 2.6/fonts/type1/bluesky/cm/cm
ss8.pfb><C:/Program Files/MiKTeX 2.6/fonts/type1/bluesky/cm/cmsy10.pfb><C:/Prog
ram Files/MiKTeX 2.6/fonts/type1/bluesky/cm/cmsy6.pfb><C:/Program Files/MiKTeX 
2.6/fonts/type1/bluesky/cm/cmsy7.pfb><C:/Program Files/MiKTeX 2.6/fonts/type1/b
luesky/cm/cmsy8.pfb><C:/Program Files/MiKTeX 2.6/fonts/type1/bluesky/cm/cmti10.
pfb><C:/Program Files/MiKTeX 2.6/fonts/type1/bluesky/cm/cmtt10.pfb>
Output written on EosPaper.pdf (4 pages, 239966 bytes).
PDF statistics:
 105 PDF objects out of 300000 (max. 8388607)
 0 named destinations out of 300000 (max. 131072)
 6 words of extra memory for PDF output out of 65536 (max. 10000000)

