This is pdfTeX, Version 3.1415926-1.40.8-beta-20080627 (MiKTeX 2.7) (preloaded format=pdflatex 2008.7.28)  18 JUN 2009 11:26
entering extended mode
**\nonstopmode\input letterRev.tex
(letterRev.tex ("C:\Program Files\MiKTeX 2.7\tex\latex\base\letter.cls"
Document Class: letter 1999/04/29 v1.2z Standard LaTeX document class
("C:\Program Files\MiKTeX 2.7\tex\latex\base\size10.clo"
File: size10.clo 2005/09/16 v1.4f Standard LaTeX file (size option)
)
\longindentation=\dimen102
\indentedwidth=\dimen103
\labelcount=\count79
)
("C:\Program Files\MiKTeX 2.7\tex\latex\graphics\graphicx.sty"
Package: graphicx 1999/02/16 v1.0f Enhanced LaTeX Graphics (DPC,SPQR)

("C:\Program Files\MiKTeX 2.7\tex\latex\graphics\keyval.sty"
Package: keyval 1999/03/16 v1.13 key=value parser (DPC)
\KV@toks@=\toks14
)
("C:\Program Files\MiKTeX 2.7\tex\latex\graphics\graphics.sty"
Package: graphics 2006/02/20 v1.0o Standard LaTeX Graphics (DPC,SPQR)

("C:\Program Files\MiKTeX 2.7\tex\latex\graphics\trig.sty"
Package: trig 1999/03/16 v1.09 sin cos tan (DPC)
)
("C:\Program Files\MiKTeX 2.7\tex\latex\00miktex\graphics.cfg"
File: graphics.cfg 2007/01/18 v1.5 graphics configuration of teTeX/TeXLive
)
Package graphics Info: Driver file: pdftex.def on input line 90.

("C:\Program Files\MiKTeX 2.7\tex\latex\graphics\pdftex.def"
File: pdftex.def 2007/06/12 v0.04h Graphics/color for pdfTeX
\Gread@gobject=\count80
))
\Gin@req@height=\dimen104
\Gin@req@width=\dimen105
)
("C:\Program Files\MiKTeX 2.7\tex\latex\preprint\fullpage.sty"
Package: fullpage 1999/02/23 1.1 (PWD)
\FP@margin=\skip41
)

LaTeX Warning: Unused global option(s):
    [a4].

(letterRev.aux)
LaTeX Font Info:    Checking defaults for OML/cmm/m/it on input line 17.
LaTeX Font Info:    ... okay on input line 17.
LaTeX Font Info:    Checking defaults for T1/cmr/m/n on input line 17.
LaTeX Font Info:    ... okay on input line 17.
LaTeX Font Info:    Checking defaults for OT1/cmr/m/n on input line 17.
LaTeX Font Info:    ... okay on input line 17.
LaTeX Font Info:    Checking defaults for OMS/cmsy/m/n on input line 17.
LaTeX Font Info:    ... okay on input line 17.
LaTeX Font Info:    Checking defaults for OMX/cmex/m/n on input line 17.
LaTeX Font Info:    ... okay on input line 17.
LaTeX Font Info:    Checking defaults for U/cmr/m/n on input line 17.
LaTeX Font Info:    ... okay on input line 17.
 ("C:\Program Files\MiKTeX 2.7\tex\context\base\supp-pdf.tex"
[Loading MPS to PDF converter (version 2006.09.02).]
\scratchcounter=\count81
\scratchdimen=\dimen106
\scratchbox=\box26
\nofMPsegments=\count82
\nofMParguments=\count83
\everyMPshowfont=\toks15
\MPscratchCnt=\count84
\MPscratchDim=\dimen107
\MPnumerator=\count85
\everyMPtoPDFconversion=\toks16
)
LaTeX Font Info:    External font `cmex10' loaded for size
(Font)              <7> on input line 21.
LaTeX Font Info:    External font `cmex10' loaded for size
(Font)              <5> on input line 21.
 <F:/signature.pdf, id=1, 199.1689pt x 56.90596pt>
File: F:/signature.pdf Graphic file (type pdf)
 <use F:/signature.pdf>
[1

{C:/Documents and Settings/All Users/Application Data/MiKTeX/2.7/pdftex/config/
pdftex.map} <F:/signature.pdf>] (letterRev.aux) ) 
Here is how much of TeX's memory you used:
 819 strings out of 95305
 9775 string characters out of 1183030
 59273 words of memory out of 1500000
 4078 multiletter control sequences out of 110000
 3986 words of font info for 15 fonts, out of 1200000 for 2000
 14 hyphenation exceptions out of 8191
 25i,6n,19p,222b,133s stack positions out of 5000i,500n,10000p,200000b,5000s
<C:/Program Files/MiKTeX 2.7/f
onts/type1/bluesky/cm/cmr10.pfb><C:/Program Files/MiKTeX 2.7/fonts/type1/bluesk
y/cm/cmti10.pfb>
Output written on letterRev.pdf (1 page, 30581 bytes).
PDF statistics:
 25 PDF objects out of 1000 (max. 8388607)
 0 named destinations out of 1000 (max. 131072)
 6 words of extra memory for PDF output out of 10000 (max. 10000000)

