This is pdfTeX, Version 3.1415926-1.40.10 (TeX Live 2009/Debian) (format=latex 2011.4.5)  7 NOV 2012 11:26
entering extended mode
 %&-line parsing enabled.
**\makeatletter\def\HCode{\futurelet\HCode\HChar}\def\HChar{\ifx"\HCode\def\HCo
de"##1"{\Link##1}\expandafter\HCode\else\expandafter\Link\fi}\def\Link#1.a.b.c.
{\g@addto@macro\@documentclasshook{\RequirePackage[#1,html]{tex4ht}}\let\HCode\
documentstyle\def\documentstyle{\let\documentstyle\HCode\expandafter\def\csname
 tex4ht\endcsname{#1,html}\def\HCode####1{\documentstyle[tex4ht,}\@ifnextchar[{
\HCode}{\documentstyle[tex4ht]}}}\makeatother\HCode .a.b.c.\input  index
(./index.tex (/usr/share/texmf-texlive/tex/latex/base/article.cls
Document Class: article 2007/10/19 v1.4h Standard LaTeX document class
(/usr/share/texmf-texlive/tex/latex/base/size10.clo
File: size10.clo 2007/10/19 v1.4h Standard LaTeX file (size option)
)
\c@part=\count79
\c@section=\count80
\c@subsection=\count81
\c@subsubsection=\count82
\c@paragraph=\count83
\c@subparagraph=\count84
\c@figure=\count85
\c@table=\count86
\abovecaptionskip=\skip41
\belowcaptionskip=\skip42
\bibindent=\dimen102
)
(/usr/share/texmf/tex/generic/tex4ht/tex4ht.sty
version 2008-10-27-17:23
Package: tex4ht 
--------------------------------------
--- Note --- for _ at preamble, use the command line option `early_'
--------------------------------------
--------------------------------------
--- Note --- for ^ at preamble, use the command line option `early^'
--------------------------------------
\tmp:toks=\toks14
)
(/usr/share/texmf/tex/generic/tex4ht/usepackage.4ht
version 2009-05-21-09:32
)
(/usr/share/texmf-texlive/tex/latex/preprint/fullpage.sty
Package: fullpage 1999/02/23 1.1 (PWD)
\FP@margin=\skip43
)
(/usr/share/texmf-texlive/tex/latex/amsmath/amsmath.sty
Package: amsmath 2000/07/18 v2.13 AMS math features
\@mathmargin=\skip44

For additional information on amsmath, use the `?' option.
(/usr/share/texmf-texlive/tex/latex/amsmath/amstext.sty
Package: amstext 2000/06/29 v2.01

(/usr/share/texmf-texlive/tex/latex/amsmath/amsgen.sty
File: amsgen.sty 1999/11/30 v2.0
\@emptytoks=\toks15
\ex@=\dimen103
))
(/usr/share/texmf-texlive/tex/latex/amsmath/amsbsy.sty
Package: amsbsy 1999/11/29 v1.2d
\pmbraise@=\dimen104
)
(/usr/share/texmf-texlive/tex/latex/amsmath/amsopn.sty
Package: amsopn 1999/12/14 v2.01 operator names
)
\inf@bad=\count87
LaTeX Info: Redefining \frac on input line 211.
\uproot@=\count88
\leftroot@=\count89
LaTeX Info: Redefining \overline on input line 307.
\classnum@=\count90
\DOTSCASE@=\count91
LaTeX Info: Redefining \ldots on input line 379.
LaTeX Info: Redefining \dots on input line 382.
LaTeX Info: Redefining \cdots on input line 467.
\Mathstrutbox@=\box26
\strutbox@=\box27
\big@size=\dimen105
LaTeX Font Info:    Redeclaring font encoding OML on input line 567.
LaTeX Font Info:    Redeclaring font encoding OMS on input line 568.
\macc@depth=\count92
\c@MaxMatrixCols=\count93
\dotsspace@=\muskip10
\c@parentequation=\count94
\dspbrk@lvl=\count95
\tag@help=\toks16
\row@=\count96
\column@=\count97
\maxfields@=\count98
\andhelp@=\toks17
\eqnshift@=\dimen106
\alignsep@=\dimen107
\tagshift@=\dimen108
\tagwidth@=\dimen109
\totwidth@=\dimen110
\lineht@=\dimen111
\@envbody=\toks18
\multlinegap=\skip45
\multlinetaggap=\skip46
\mathdisplay@stack=\toks19
LaTeX Info: Redefining \[ on input line 2666.
LaTeX Info: Redefining \] on input line 2667.
)
(/usr/share/texmf-texlive/tex/latex/graphics/graphicx.sty
Package: graphicx 1999/02/16 v1.0f Enhanced LaTeX Graphics (DPC,SPQR)

(/usr/share/texmf-texlive/tex/latex/graphics/keyval.sty
Package: keyval 1999/03/16 v1.13 key=value parser (DPC)
\KV@toks@=\toks20
)
(/usr/share/texmf-texlive/tex/latex/graphics/graphics.sty
Package: graphics 2009/02/05 v1.0o Standard LaTeX Graphics (DPC,SPQR)

(/usr/share/texmf-texlive/tex/latex/graphics/trig.sty
Package: trig 1999/03/16 v1.09 sin cos tan (DPC)
)
(/etc/texmf/tex/latex/config/graphics.cfg
File: graphics.cfg 2009/08/28 v1.8 graphics configuration of TeX Live
)
Package graphics Info: Driver file: dvips.def on input line 91.

(/usr/share/texmf-texlive/tex/latex/graphics/dvips.def
File: dvips.def 1999/02/16 v3.0i Driver-dependant file (DPC,SPQR)
))
\Gin@req@height=\dimen112
\Gin@req@width=\dimen113
)
(/usr/share/texmf-texlive/tex/latex/sidecap/sidecap.sty
Package: sidecap 2003/06/06 v1.6f SideCap Package (RN/HjG)

(/usr/share/texmf-texlive/tex/latex/base/ifthen.sty
Package: ifthen 2001/05/26 v1.1c Standard LaTeX ifthen package (DPC)
)
\SC@BOXWD=\dimen114
\SC@CAPWD=\dimen115
\SC@tempdima=\dimen116
\SC@tempdimb=\dimen117
\c@SC@C=\count99
\SC@BOX=\box28
)
(/usr/share/texmf-texlive/tex/latex/setspace/setspace.sty
Package: setspace 2000/12/01 6.7 Contributed and Supported LaTeX2e package

Package: `setspace' 6.7 <2000/12/01>
) (/usr/share/texmf/tex/generic/tex4ht/tex4ht.4ht
version 2009-01-07-07:11
--------------------------------------
--- Note --- for additional information, use the command line option `info'
--------------------------------------

::::::::::::::::::::::::::::::::::::::::::
 TeX4ht info is available in the log file 
::::::::::::::::::::::::::::::::::::::::::
) (/usr/share/texmf/tex/generic/tex4ht/tex4ht.sty
version 2008-10-27-17:23

--- needs --- tex4ht index ---
\tmp:cnt=\count100
\openout15 = `index.tmp'.

(./index.tmp)
\tmp:dim=\skip47
--------------------------------------
--- Note --- for XML code, use the command line option `xml' or `xhtml'
--------------------------------------
 (./index.xref)
\:refout=\write3
\openout3 = `index.xref'.

 (/usr/share/texmf/tex/generic/tex4ht/html4.4ht
version 2009-05-18-23:01
--------------------------------------
--- Note --- to remove the <?xml version=...?> processing instruction use the c
ommand line option `no-VERSION'
--------------------------------------
--------------------------------------
--- Note --- to remove the DOCTYPE declaration use the command line option `no-
DOCTYPE'
--------------------------------------
)
(/usr/share/texmf/tex/generic/tex4ht/html4-math.4ht
version 2009-05-18-23:01
)
--------------------------------------
--- Note --- for marking of the base font, use the command line option `fonts+'

--------------------------------------
--------------------------------------
--- Note --- for non active _, use the command line option `no_'
--------------------------------------
--------------------------------------
--- Note --- for _ of catcode 13, use the command line option `_13'
--------------------------------------
--------------------------------------
--- Note --- for non active ^, use the command line option `no^'
--------------------------------------
--------------------------------------
--- Note --- for ^ of catcode 13, use the command line option `^13'
--------------------------------------

(/usr/share/texmf/tex/generic/tex4ht/html4.4ht
version 2009-05-18-23:01
--------------------------------------
--- Note --- for alternative charset, use the command line option `charset=...'

--------------------------------------
--------------------------------------
--- Note --- to ignore CSS font decoration, use the `NoFonts' command line opti
on
--------------------------------------
--------------------------------------
--- Note --- for jpg bitmaps of pictures, use the `jpg' command line option. (C
haracter bitmaps are controled only by `g' records of tex4ht.env and `-g' switc
hes of tex4ht.c) 
--------------------------------------
--------------------------------------
--- Note --- for gif bitmaps of pictures, use the `gif' command line option. (C
haracter bitmaps are controled only by `g' records of tex4ht.env and `-g' switc
hes of tex4ht.c) 
--------------------------------------
--------------------------------------
--- Note --- for content and toc in 2 frames, use the command line option `fram
es'
--------------------------------------
--------------------------------------
--- Note --- for content, toc, and footnotes in 3 frames, use the command line 
option `frames-fn'
--------------------------------------
--------------------------------------
--- Note --- for file extension name xht, use the command line option `xht'
--------------------------------------
TeX4ht package options: html
--------------------------------------
--- Note --- to ignore CSS code, use the command line option `-css
--------------------------------------
--------------------------------------
--- Note --- for inline CSS code, use the command line option `css-in'
--------------------------------------
--------------------------------------
--- Note --- for pop ups on mouse over, use the command line option `mouseover'

--------------------------------------
--------------------------------------
--- Note --- for addressing images in a subdirectory, use the command line opti
on `imgdir:.../'
--------------------------------------
)
(/usr/share/texmf/tex/generic/tex4ht/html4-math.4ht
version 2009-05-18-23:01
)
\:tokwrite=\toks21
\:tokpage=\toks22
--------------------------------------
--- Note --- for back links to toc, use the command line option `sections+'
--------------------------------------
--------------------------------------
--- Note --- for linear crosslinks of pages, use the command line option `next'

--------------------------------------
\openout15 = `index.4ct'.

\:tocout=\write4
\openout4 = `index.4tc'.


(/usr/share/texmf/tex/generic/tex4ht/html4.4ht
version 2009-05-18-23:01
)
(/usr/share/texmf/tex/generic/tex4ht/html4-math.4ht
version 2009-05-18-23:01
)
(/usr/share/texmf/tex/generic/tex4ht/latex.4ht
version 2009-05-21-09:32
--------------------------------------
--- Note --- for links into captions, instead of float heads, use the command l
ine option `refcaption'
--------------------------------------

(/usr/share/texmf/tex/generic/tex4ht/html4.4ht
version 2009-05-18-23:01
--------------------------------------
--- Note --- For mini tocs immediately aftter the header use the command line o
ption `minitoc<'
--------------------------------------
--------------------------------------
--- Note --- for enumerated list elements with valued data, use the command lin
e option `enumerate+'
--------------------------------------
--------------------------------------
--- Note --- for enumerated list elements li's with value attributes, use the c
ommand line option `enumerate-'
--------------------------------------
--------------------------------------
--- Note --- for CSS2 code, use the command line option `css2'
--------------------------------------
--------------------------------------
--- Note --- for pictorial tabular, use the command line option `pic-tabular'
--------------------------------------
--------------------------------------
--- Note --- for bitmap fbox'es, use the command line option `pic-fbox'
--------------------------------------
--------------------------------------
--- Note --- for bitmap framebox'es, use the command line option `pic-framebox'

--------------------------------------
--------------------------------------
--- Note --- for inline footnotes use command line option `fn-in'
--------------------------------------
--------------------------------------
--- Note --- for tracing of latex font commands, use the command line option `f
onts'
--------------------------------------
--------------------------------------
--- Note --- for width specifications of tabular p entries, use the `p-width' c
ommand line option or a configuration similar to \Configure{HColWidth}{\HCode{ 
style="width:\HColWidth"}}
--------------------------------------
)
(/usr/share/texmf/tex/generic/tex4ht/html4-math.4ht
version 2009-05-18-23:01
--------------------------------------
--- Note --- for pictorial eqnarray, use the command line option `pic-eqnarray'

--------------------------------------
--------------------------------------
--- Note --- for pictorial array, use the command line option `pic-array'
--------------------------------------
--------------------------------------
--- Note --- for pictorial $...$ environments, use the command line option `pic
-m' (not recommended!!)
--------------------------------------
--------------------------------------
--- Note --- for pictorial $...$ and $$...$$ environments with latex alt, use t
he command line option `pic-m+' (not safe!!)
--------------------------------------
--------------------------------------
--- Note --- for pictorial array, use the command line option `pic-array'
--------------------------------------
))
(/usr/share/texmf/tex/generic/tex4ht/fontmath.4ht
version 2009-05-21-09:32

(/usr/share/texmf/tex/generic/tex4ht/html4.4ht
version 2009-05-18-23:01
)
(/usr/share/texmf/tex/generic/tex4ht/html4-math.4ht
version 2009-05-18-23:01
))
(/usr/share/texmf/tex/generic/tex4ht/article.4ht
version 2009-05-21-09:32

(/usr/share/texmf/tex/generic/tex4ht/html4.4ht
version 2009-05-18-23:01
--------------------------------------
--- Note --- for automatic sectioning pagination, use the command line option `
1', `2', `3', '4', '5', '6', or '7'
--------------------------------------
--------------------------------------
--- Note --- for files named derived from section titles, use the command line 
option `sec-filename'
--------------------------------------
--------------------------------------
--- Note --- for i-columns index, use the command line option `index=i' (e.g., 
index=2)
--------------------------------------
)
(/usr/share/texmf/tex/generic/tex4ht/html4-math.4ht
version 2009-05-18-23:01
))
(/usr/share/texmf/tex/generic/tex4ht/amsmath.4ht
version 2009-05-21-09:32
\tmp:muskip=\muskip11

(/usr/share/texmf/tex/generic/tex4ht/html4.4ht
version 2009-05-18-23:01
)
(/usr/share/texmf/tex/generic/tex4ht/html4-math.4ht
version 2009-05-18-23:01
))
(/usr/share/texmf/tex/generic/tex4ht/amstext.4ht
version 2009-05-21-09:32

(/usr/share/texmf/tex/generic/tex4ht/html4.4ht
version 2009-05-18-23:01
)
(/usr/share/texmf/tex/generic/tex4ht/html4-math.4ht
version 2009-05-18-23:01
))
(/usr/share/texmf/tex/generic/tex4ht/amsbsy.4ht
version 2009-05-21-09:32

(/usr/share/texmf/tex/generic/tex4ht/html4.4ht
version 2009-05-18-23:01
)
(/usr/share/texmf/tex/generic/tex4ht/html4-math.4ht
version 2009-05-18-23:01
))
(/usr/share/texmf/tex/generic/tex4ht/amsopn.4ht
version 2009-05-21-09:32

(/usr/share/texmf/tex/generic/tex4ht/html4.4ht
version 2009-05-18-23:01
)
(/usr/share/texmf/tex/generic/tex4ht/html4-math.4ht
version 2009-05-18-23:01
))
(/usr/share/texmf/tex/generic/tex4ht/graphicx.4ht
version 2009-05-21-09:32

(/usr/share/texmf/tex/generic/tex4ht/html4.4ht
version 2009-05-18-23:01
)
(/usr/share/texmf/tex/generic/tex4ht/html4-math.4ht
version 2009-05-18-23:01
))
(/usr/share/texmf/tex/generic/tex4ht/graphics.4ht
version 2009-05-21-09:32

(/usr/share/texmf/tex/generic/tex4ht/html4.4ht
version 2009-05-18-23:01
--------------------------------------
--- Note --- if included graphics are of degraded quality, try the command line
 options `graphics-num' or `graphics-'. The `num' should provide the density of
 pixels in the bitmaps (e.g., 110). 
--------------------------------------
--------------------------------------
--- Note --- for key dimensions try the option `Gin-dim'; for key dimensions wh
en bounding box is unavailable try `Gin-dim+'; neither is recommended
--------------------------------------
)
(/usr/share/texmf/tex/generic/tex4ht/html4-math.4ht
version 2009-05-18-23:01
))
(/usr/share/texmf/tex/generic/tex4ht/dvips.4ht
version 2009-05-21-09:32

(/usr/share/texmf/tex/generic/tex4ht/html4.4ht
version 2009-05-18-23:01
)
(/usr/share/texmf/tex/generic/tex4ht/html4-math.4ht
version 2009-05-18-23:01
))
(/usr/share/texmf/tex/generic/tex4ht/ifthen.4ht
version 2009-05-21-09:32

(/usr/share/texmf/tex/generic/tex4ht/html4.4ht
version 2009-05-18-23:01
)
(/usr/share/texmf/tex/generic/tex4ht/html4-math.4ht
version 2009-05-18-23:01
))
(/usr/share/texmf/tex/generic/tex4ht/html4.4ht
version 2009-05-18-23:01
)
(/usr/share/texmf/tex/generic/tex4ht/html4-math.4ht
version 2009-05-18-23:01
)) (./index.aux)
\openout1 = `index.aux'.

LaTeX Font Info:    Checking defaults for OML/cmm/m/it on input line 8.
LaTeX Font Info:    ... okay on input line 8.
LaTeX Font Info:    Checking defaults for T1/cmr/m/n on input line 8.
LaTeX Font Info:    ... okay on input line 8.
LaTeX Font Info:    Checking defaults for OT1/cmr/m/n on input line 8.
LaTeX Font Info:    ... okay on input line 8.
LaTeX Font Info:    Checking defaults for OMS/cmsy/m/n on input line 8.
LaTeX Font Info:    ... okay on input line 8.
LaTeX Font Info:    Checking defaults for OMX/cmex/m/n on input line 8.
LaTeX Font Info:    ... okay on input line 8.
LaTeX Font Info:    Checking defaults for U/cmr/m/n on input line 8.
LaTeX Font Info:    ... okay on input line 8.

(/usr/share/texmf-texlive/tex/latex/ms/ragged2e.sty
Package: ragged2e 2009/05/21 v2.1 ragged2e Package (MS)

(/usr/share/texmf-texlive/tex/latex/ms/everysel.sty
Package: everysel 1999/06/08 v1.03 EverySelectfont Package (MS)
LaTeX Info: Redefining \selectfont on input line 125.
)
\CenteringLeftskip=\skip48
\RaggedLeftLeftskip=\skip49
\RaggedRightLeftskip=\skip50
\CenteringRightskip=\skip51
\RaggedLeftRightskip=\skip52
\RaggedRightRightskip=\skip53
\CenteringParfillskip=\skip54
\RaggedLeftParfillskip=\skip55
\RaggedRightParfillskip=\skip56
\JustifyingParfillskip=\skip57
\CenteringParindent=\skip58
\RaggedLeftParindent=\skip59
\RaggedRightParindent=\skip60
\JustifyingParindent=\skip61
)
--- file index.css ---
 [1

]
LaTeX Font Info:    Try loading font information for OMS+cmr on input line 78.

(/usr/share/texmf-texlive/tex/latex/base/omscmr.fd
File: omscmr.fd 1999/05/25 v2.5h Standard LaTeX font definitions
)
LaTeX Font Info:    Font shape `OMS/cmr/m/n' in size <10> not available
(Font)              Font shape `OMS/cmsy/m/n' tried instead on input line 78.
 [2] [3] [4

]
l. 190 Writing index.idv[1] (index0x.png)
File: QFLa.pdf Graphic file (type eps)
 <QFLa.pdf>
[5

] [6

] [7

]
l. 223 Writing index.idv[2] (index1x.png)
File: heavyMinerals1.pdf Graphic file (type eps)
 <heavyMinerals1.pdf> [8

] [9

] [10

]
l. 286 Writing index.idv[3] (index2x.png)
File: SurplessMethowSamples.pdf Graphic file (type eps)
 <SurplessMethowSamples.pdf>
[11

] [12

] [13

]
l. 295 Writing index.idv[4] (index3x.png)
File: CollettiniHist.pdf Graphic file (type eps)
 <CollettiniHist.pdf> [14

] [15

]
l. 335 Writing index.idv[5] (index4x.png)
l. 338 Writing index.idv[6] (index5x.png)
 [16

] [17

]
l. 353 Writing index.idv[7] (index6x.png)
File: 2.pdf Graphic file (type eps)
 <2.pdf>

LaTeX Warning: Command \b invalid in math mode on input line 360.

l. 360 Writing index.idv[8] (index7x.png)

LaTeX Warning: Command \b invalid in math mode on input line 360.

l. 360 Writing index.idv[9] (index8x.png)
[18

]
l. 366 Writing index.idv[10] (index9x.png)


LaTeX Warning: Command \b invalid in math mode on input line 368.

l. 373 Writing index.idv[11] (index10x.png)
l. 383 Writing index.idv[12] (index11x.png)

LaTeX Warning: Command \b invalid in math mode on input line 385.

[19

]
l. 396 Writing index.idv[13] (index12x.png)
l. 415 Writing index.idv[14] (index13x.png)
l. 418 Writing index.idv[15] (index14x.png)
 [20]
l. 424 Writing index.idv[16] (index15x.png)


LaTeX Warning: Command \b invalid in math mode on input line 426.

l. 436 Writing index.idv[17] (index16x.png)
l. 436 Writing index.idv[18] (index17x.png)
l. 440 Writing index.idv[19] (index18x.png)
l. 440 Writing index.idv[20] (index19x.png)
[21] [22

]
l. 446 Writing index.idv[21] (index20x.png)
File: 3.pdf Graphic file (type eps)
 <3.pdf>

LaTeX Warning: Command \b invalid in math mode on input line 451.

l. 451 Writing index.idv[22] (index21x.png)
[23

] [24

] [25] [26

]
l. 522 Writing index.idv[23] (index22x.png)
File: 4.pdf Graphic file (type eps)
 <4.pdf> [27

] [28

] [29

]
l. 538 Writing index.idv[24] (index23x.png)
File: 5.pdf Graphic file (type eps)
 <5.pdf> [30

]
l. 561 Writing index.idv[25] (index24x.png)
 [31

] [32] [33

]
l. 623 Writing index.idv[26] (index25x.png)
File: 6.pdf Graphic file (type eps)
 <6.pdf>
[34

] [35

] [36

]
l. 639 Writing index.idv[27] (index26x.png)
File: 7a.pdf Graphic file (type eps)
 <7a.pdf>
l. 640 Writing index.idv[28] (index27x.png)
File: 7b.pdf Graphic file (type eps)
 <7b.pdf>
l. 641 Writing index.idv[29] (index28x.png)
File: 7c.pdf Graphic file (type eps)
 <7c.pdf> [37

] [38

] [39

]
l. 654 Writing index.idv[30] (index29x.png)
File: 8.pdf Graphic file (type eps)
 <8.pdf> [40

] [41

]
[42

]
l. 670 Writing index.idv[31] (index30x.png)
File: 9.pdf Graphic file (type eps)
 <9.pdf>
l. 676 Writing index.idv[32] (index31x.png)
l. 676 Writing index.idv[33] (index32x.png)
l. 676 Writing index.idv[34] (index33x.png)
 [43

] [44

] [45

]
l. 681 Writing index.idv[35] (index34x.png)
File: syntheticHist.pdf Graphic file (type eps)
 <syntheticHist.pdf> [46

] [47

]
l. 703 Writing index.idv[36] (index35x.png)
l. 710 Writing index.idv[37] (index36x.png)
l. 715 Writing index.idv[38] (index37x.png)
 [48

] [49] [50

]
l. 729 Writing index.idv[39] (index38x.png)
File: 11c.pdf Graphic file (type eps)

<11c.pdf>
l. 730 Writing index.idv[40] (index39x.png)
File: 11b.pdf Graphic file (type eps)
 <11b.pdf>
l. 731 Writing index.idv[41] (index40x.png)
File: 11a.pdf Graphic file (type eps)
 <11a.pdf> [51

] [52

] [53

]
l. 743 Writing index.idv[42] (index41x.png)
File: 12.pdf Graphic file (type eps)
 <12.pdf> [54

]
l. 754 Writing index.idv[43] (index42x.png)
 [55

] [56

]
l. 790 Writing index.idv[44] (index43x.png)
File: 14.pdf Graphic file (type eps)
 <14.pdf>
[57

] [58

] [59

]
l. 806 Writing index.idv[45] (index44x.png)
File: 14a+b.pdf Graphic file (type eps)
 <14a+b.pdf> [60

] [61

] [62

] [63

]
l. 843 Writing index.idv[46] (index45x.png)
File: QFLb.pdf Graphic file (type eps)
 <QFLb.pdf> [64

] [65

] [66

]
l. 878 Writing index.idv[47] (index46x.png)
File: heavyMinerals2a.pdf Graphic file (type eps)

<heavyMinerals2a.pdf>
l. 879 Writing index.idv[48] (index47x.png)
File: heavyMinerals2b.pdf Graphic file (type eps)
 <heavyMinerals2b.pdf> [67

] [68

] [69

]
l. 912 Writing index.idv[49] (index48x.png)
File: 17_2.pdf Graphic file (type eps)
 <17_2.pdf> [70

]
[71

] [72

]
l. 947 Writing index.idv[50] (index49x.png)
File: 17b_s=0.pdf Graphic file (type eps)
 <17b_s=0.pdf>
l. 948 Writing index.idv[51] (index50x.png)
File: 17b_s=25.pdf Graphic file (type eps)
 <17b_s=25.pdf> [73

] [74

] [75

]
l. 963 Writing index.idv[52] (index51x.png)
File: 19.pdf Graphic file (type eps)
 <19.pdf> [76

] [77

]
[78

]
l. 1005 Writing index.idv[53] (index52x.png)
File: KDcrossplot.pdf Graphic file (type eps)
 <KDcrossplot.pdf> [79

] [80

] [81

]
l. 1038 Writing index.idv[54] (index53x.png)
File: CollettiniFig.pdf Graphic file (type eps)
 <CollettiniFig.pdf> [82

] [83

] [84

]
l. 1121 Writing index.idv[55] (index54x.png)

[85

] [86] [87] [88

]
l. 1248 Writing index.idv[56] (index55x.png)
File: A1.pdf Graphic file (type eps)
 <A1.pdf>
l. 1249 Writing index.idv[57] (index56x.png)
File: A2.pdf Graphic file (type eps)
 <A2.pdf>
l. 1250 Writing index.idv[58] (index57x.png)
File: A3.pdf Graphic file (type eps)
 <A3.pdf>
l. 1251 Writing index.idv[59] (index58x.png)
File: A4.pdf Graphic file (type eps)
 <A4.pdf>
l. 1252 Writing index.idv[60] (index59x.png)
File: A5.pdf Graphic file (type eps)
 <A5.pdf>
l. 1253 Writing index.idv[61] (index60x.png)
File: A6.pdf Graphic file (type eps)
 <A6.pdf>
[89

] [90] [91

] [92

] [93] [94] (./index.aux) ) 
Here is how much of TeX's memory you used:
 5621 strings out of 495062
 65093 string characters out of 1182645
 251214 words of memory out of 3000000
 8669 multiletter control sequences out of 15000+50000
 9401 words of font info for 34 fonts, out of 3000000 for 9000
 28 hyphenation exceptions out of 8191
 32i,14n,26p,1608b,321s stack positions out of 5000i,500n,10000p,200000b,50000s

Output written on index.dvi (94 pages, 156628 bytes).
